C:\PWP2\OPENGL\BUILD\EXAMPLES\THREAD\SPAWNTHREAD.DIR\DEBUG\SPAWNTHREAD.OBJ
C:\PWP2\OPENGL\BUILD\EXAMPLES\THREAD\SPAWNTHREAD.DIR\DEBUG\VC110.PDB
C:\PWP2\OPENGL\BUILD\EXAMPLES\THREAD\CMAKEFILES\GENERATE.STAMP
C:\PWP2\OPENGL\BUILD\BIN\DEBUG\SPAWNTHREAD.ILK
C:\PWP2\OPENGL\BUILD\BIN\DEBUG\SPAWNTHREAD.EXE
C:\PWP2\OPENGL\BUILD\BIN\DEBUG\SPAWNTHREAD.PDB
C:\PWP2\OpenGL\build\bin\Debug\SpawnThread.lib
C:\PWP2\OpenGL\build\bin\Debug\SpawnThread.exp
C:\PWP2\OpenGL\build\Examples\Thread\SpawnThread.dir\Debug\SpawnThread.vcxprojResolveAssemblyReference.cache
C:\PWP2\OpenGL\build\Examples\Thread\SpawnThread.dir\Debug\SpawnThread.obj
C:\PWP2\OpenGL\build\Examples\Thread\SpawnThread.dir\Debug\cl.command.1.tlog
C:\PWP2\OpenGL\build\Examples\Thread\SpawnThread.dir\Debug\CL.read.1.tlog
C:\PWP2\OpenGL\build\Examples\Thread\SpawnThread.dir\Debug\CL.write.1.tlog
C:\PWP2\OpenGL\build\Examples\Thread\SpawnThread.dir\Debug\custombuild.command.1.tlog
C:\PWP2\OpenGL\build\Examples\Thread\SpawnThread.dir\Debug\custombuild.read.1.tlog
C:\PWP2\OpenGL\build\Examples\Thread\SpawnThread.dir\Debug\custombuild.write.1.tlog
C:\PWP2\OpenGL\build\Examples\Thread\SpawnThread.dir\Debug\link-cvtres.read.1.tlog
C:\PWP2\OpenGL\build\Examples\Thread\SpawnThread.dir\Debug\link-cvtres.write.1.tlog
C:\PWP2\OpenGL\build\Examples\Thread\SpawnThread.dir\Debug\link-rc.read.1.tlog
C:\PWP2\OpenGL\build\Examples\Thread\SpawnThread.dir\Debug\link-rc.write.1.tlog
C:\PWP2\OpenGL\build\Examples\Thread\SpawnThread.dir\Debug\link.command.1.tlog
C:\PWP2\OpenGL\build\Examples\Thread\SpawnThread.dir\Debug\link.read.1.tlog
C:\PWP2\OpenGL\build\Examples\Thread\SpawnThread.dir\Debug\link.write.1.tlog
C:\PWP2\OpenGL\build\Examples\Thread\SpawnThread.dir\Debug\SpawnThread.write.1.tlog
C:\PWP2\OpenGL\build\Examples\Thread\SpawnThread.dir\Debug\vc110.pdb
C:\PWP2\OpenGL\build\bin\Debug\SpawnThread.pdb
C:\PWP2\OpenGL\build\bin\Debug\SpawnThread.exe
C:\PWP2\OpenGL\build\bin\Debug\SpawnThread.ilk
