C:\PWP2\OPENGL\BUILD\EXAMPLES\STRING\STRINGSERVER.DIR\DEBUG\STRINGSERVER.OBJ
C:\PWP2\OPENGL\BUILD\EXAMPLES\STRING\STRINGSERVER.DIR\DEBUG\VC110.PDB
C:\PWP2\OPENGL\BUILD\EXAMPLES\STRING\CMAKEFILES\GENERATE.STAMP
C:\PWP2\OPENGL\BUILD\BIN\DEBUG\STRINGSERVER.ILK
C:\PWP2\OPENGL\BUILD\BIN\DEBUG\STRINGSERVER.EXE
C:\PWP2\OPENGL\BUILD\BIN\DEBUG\STRINGSERVER.PDB
C:\PWP2\OpenGL\build\bin\Debug\StringServer.lib
C:\PWP2\OpenGL\build\bin\Debug\StringServer.exp
C:\PWP2\OpenGL\build\Examples\String\StringServer.dir\Debug\StringServer.vcxprojResolveAssemblyReference.cache
C:\PWP2\OpenGL\build\Examples\String\StringServer.dir\Debug\StringServer.obj
C:\PWP2\OpenGL\build\Examples\String\StringServer.dir\Debug\cl.command.1.tlog
C:\PWP2\OpenGL\build\Examples\String\StringServer.dir\Debug\CL.read.1.tlog
C:\PWP2\OpenGL\build\Examples\String\StringServer.dir\Debug\CL.write.1.tlog
C:\PWP2\OpenGL\build\Examples\String\StringServer.dir\Debug\custombuild.command.1.tlog
C:\PWP2\OpenGL\build\Examples\String\StringServer.dir\Debug\custombuild.read.1.tlog
C:\PWP2\OpenGL\build\Examples\String\StringServer.dir\Debug\custombuild.write.1.tlog
C:\PWP2\OpenGL\build\Examples\String\StringServer.dir\Debug\link-cvtres.read.1.tlog
C:\PWP2\OpenGL\build\Examples\String\StringServer.dir\Debug\link-cvtres.write.1.tlog
C:\PWP2\OpenGL\build\Examples\String\StringServer.dir\Debug\link-rc.read.1.tlog
C:\PWP2\OpenGL\build\Examples\String\StringServer.dir\Debug\link-rc.write.1.tlog
C:\PWP2\OpenGL\build\Examples\String\StringServer.dir\Debug\link.command.1.tlog
C:\PWP2\OpenGL\build\Examples\String\StringServer.dir\Debug\link.read.1.tlog
C:\PWP2\OpenGL\build\Examples\String\StringServer.dir\Debug\link.write.1.tlog
C:\PWP2\OpenGL\build\Examples\String\StringServer.dir\Debug\StringServer.write.1.tlog
C:\PWP2\OpenGL\build\Examples\String\StringServer.dir\Debug\vc110.pdb
C:\PWP2\OpenGL\build\bin\Debug\StringServer.pdb
C:\PWP2\OpenGL\build\bin\Debug\StringServer.exe
C:\PWP2\OpenGL\build\bin\Debug\StringServer.ilk
