C:\PWP2\OPENGL\BUILD\SOURCE\OPENIGTLINK.DIR\DEBUG\VC110.PDB
C:\PWP2\OPENGL\BUILD\SOURCE\OPENIGTLINK.DIR\DEBUG\IGTLCLIENTSOCKET.OBJ
C:\PWP2\OPENGL\BUILD\SOURCE\OPENIGTLINK.DIR\DEBUG\IGTLIMAGEMESSAGE.OBJ
C:\PWP2\OPENGL\BUILD\SOURCE\OPENIGTLINK.DIR\DEBUG\IGTLMESSAGEBASE.OBJ
C:\PWP2\OPENGL\BUILD\SOURCE\OPENIGTLINK.DIR\DEBUG\IGTLOBJECT.OBJ
C:\PWP2\OPENGL\BUILD\SOURCE\OPENIGTLINK.DIR\DEBUG\IGTLSESSIONMANAGER.OBJ
C:\PWP2\OPENGL\BUILD\SOURCE\OPENIGTLINK.DIR\DEBUG\IGTLTIMESTAMP.OBJ
C:\PWP2\OPENGL\BUILD\SOURCE\OPENIGTLINK.DIR\DEBUG\IGTLLABELMETAMESSAGE.OBJ
C:\PWP2\OPENGL\BUILD\SOURCE\OPENIGTLINK.DIR\DEBUG\IGTLQUATERNIONTRACKINGDATAMESSAGE.OBJ
C:\PWP2\OPENGL\BUILD\SOURCE\OPENIGTLINK.DIR\DEBUG\IGTLUNIT.OBJ
C:\PWP2\OPENGL\BUILD\SOURCE\OPENIGTLINK.DIR\DEBUG\IGTLNDARRAYMESSAGE.OBJ
C:\PWP2\OPENGL\BUILD\SOURCE\OPENIGTLINK.DIR\DEBUG\IGTLFASTMUTEXLOCK.OBJ
C:\PWP2\OPENGL\BUILD\SOURCE\OPENIGTLINK.DIR\DEBUG\IGTLIMAGEMESSAGE2.OBJ
C:\PWP2\OPENGL\BUILD\SOURCE\OPENIGTLINK.DIR\DEBUG\IGTLMULTITHREADER.OBJ
C:\PWP2\OPENGL\BUILD\SOURCE\OPENIGTLINK.DIR\DEBUG\IGTLOSUTIL.OBJ
C:\PWP2\OPENGL\BUILD\SOURCE\OPENIGTLINK.DIR\DEBUG\IGTLPOSITIONMESSAGE.OBJ
C:\PWP2\OPENGL\BUILD\SOURCE\OPENIGTLINK.DIR\DEBUG\IGTLSIMPLEFASTMUTEXLOCK.OBJ
C:\PWP2\OPENGL\BUILD\SOURCE\OPENIGTLINK.DIR\DEBUG\IGTLTRANSFORMMESSAGE.OBJ
C:\PWP2\OPENGL\BUILD\SOURCE\OPENIGTLINK.DIR\DEBUG\IGTLPOINTMESSAGE.OBJ
C:\PWP2\OPENGL\BUILD\SOURCE\OPENIGTLINK.DIR\DEBUG\IGTLTRAJECTORYMESSAGE.OBJ
C:\PWP2\OPENGL\BUILD\SOURCE\OPENIGTLINK.DIR\DEBUG\IGTLBINDMESSAGE.OBJ
C:\PWP2\OPENGL\BUILD\SOURCE\OPENIGTLINK.DIR\DEBUG\IGTLCONDITIONVARIABLE.OBJ
C:\PWP2\OPENGL\BUILD\SOURCE\OPENIGTLINK.DIR\DEBUG\IGTLLIGHTOBJECT.OBJ
C:\PWP2\OPENGL\BUILD\SOURCE\OPENIGTLINK.DIR\DEBUG\IGTLMUTEXLOCK.OBJ
C:\PWP2\OPENGL\BUILD\SOURCE\OPENIGTLINK.DIR\DEBUG\IGTLOBJECTFACTORYBASE.OBJ
C:\PWP2\OPENGL\BUILD\SOURCE\OPENIGTLINK.DIR\DEBUG\IGTLSOCKET.OBJ
C:\PWP2\OPENGL\BUILD\SOURCE\OPENIGTLINK.DIR\DEBUG\IGTLCOLORTABLEMESSAGE.OBJ
C:\PWP2\OPENGL\BUILD\SOURCE\OPENIGTLINK.DIR\DEBUG\IGTLTRACKINGDATAMESSAGE.OBJ
C:\PWP2\OPENGL\BUILD\SOURCE\OPENIGTLINK.DIR\DEBUG\IGTLSTRINGMESSAGE.OBJ
C:\PWP2\OPENGL\BUILD\SOURCE\OPENIGTLINK.DIR\DEBUG\IGTLCOMMANDMESSAGE.OBJ
C:\PWP2\OPENGL\BUILD\SOURCE\OPENIGTLINK.DIR\DEBUG\IGTLCAPABILITYMESSAGE.OBJ
C:\PWP2\OPENGL\BUILD\SOURCE\OPENIGTLINK.DIR\DEBUG\IGTLMATH.OBJ
C:\PWP2\OPENGL\BUILD\SOURCE\OPENIGTLINK.DIR\DEBUG\IGTLMESSAGEFACTORY.OBJ
C:\PWP2\OPENGL\BUILD\SOURCE\OPENIGTLINK.DIR\DEBUG\IGTLSERVERSOCKET.OBJ
C:\PWP2\OPENGL\BUILD\SOURCE\OPENIGTLINK.DIR\DEBUG\IGTLSTATUSMESSAGE.OBJ
C:\PWP2\OPENGL\BUILD\SOURCE\OPENIGTLINK.DIR\DEBUG\IGTLIMAGEMETAMESSAGE.OBJ
C:\PWP2\OPENGL\BUILD\SOURCE\OPENIGTLINK.DIR\DEBUG\IGTLPOLYDATAMESSAGE.OBJ
C:\PWP2\OPENGL\BUILD\SOURCE\OPENIGTLINK.DIR\DEBUG\IGTLSENSORMESSAGE.OBJ
C:\PWP2\OPENGL\BUILD\SOURCE\OPENIGTLINK.DIR\DEBUG\IGTLQUERYMESSAGE.OBJ
C:\PWP2\OPENGL\BUILD\SOURCE\CMAKEFILES\GENERATE.STAMP
C:\PWP2\OPENGL\BUILD\BIN\DEBUG\OPENIGTLINK.LIB
C:\PWP2\OpenGL\build\Source\OpenIGTLink.dir\Debug\igtlBindMessage.obj
C:\PWP2\OpenGL\build\Source\OpenIGTLink.dir\Debug\igtlCapabilityMessage.obj
C:\PWP2\OpenGL\build\Source\OpenIGTLink.dir\Debug\igtlClientSocket.obj
C:\PWP2\OpenGL\build\Source\OpenIGTLink.dir\Debug\igtlColorTableMessage.obj
C:\PWP2\OpenGL\build\Source\OpenIGTLink.dir\Debug\igtlCommandMessage.obj
C:\PWP2\OpenGL\build\Source\OpenIGTLink.dir\Debug\igtlConditionVariable.obj
C:\PWP2\OpenGL\build\Source\OpenIGTLink.dir\Debug\igtlFastMutexLock.obj
C:\PWP2\OpenGL\build\Source\OpenIGTLink.dir\Debug\igtlImageMessage.obj
C:\PWP2\OpenGL\build\Source\OpenIGTLink.dir\Debug\igtlImageMessage2.obj
C:\PWP2\OpenGL\build\Source\OpenIGTLink.dir\Debug\igtlImageMetaMessage.obj
C:\PWP2\OpenGL\build\Source\OpenIGTLink.dir\Debug\igtlLabelMetaMessage.obj
C:\PWP2\OpenGL\build\Source\OpenIGTLink.dir\Debug\igtlLightObject.obj
C:\PWP2\OpenGL\build\Source\OpenIGTLink.dir\Debug\igtlMath.obj
C:\PWP2\OpenGL\build\Source\OpenIGTLink.dir\Debug\igtlMessageBase.obj
C:\PWP2\OpenGL\build\Source\OpenIGTLink.dir\Debug\igtlMessageFactory.obj
C:\PWP2\OpenGL\build\Source\OpenIGTLink.dir\Debug\igtlMultiThreader.obj
C:\PWP2\OpenGL\build\Source\OpenIGTLink.dir\Debug\igtlMutexLock.obj
C:\PWP2\OpenGL\build\Source\OpenIGTLink.dir\Debug\igtlNDArrayMessage.obj
C:\PWP2\OpenGL\build\Source\OpenIGTLink.dir\Debug\igtlObject.obj
C:\PWP2\OpenGL\build\Source\OpenIGTLink.dir\Debug\igtlObjectFactoryBase.obj
C:\PWP2\OpenGL\build\Source\OpenIGTLink.dir\Debug\igtlOSUtil.obj
C:\PWP2\OpenGL\build\Source\OpenIGTLink.dir\Debug\igtlPointMessage.obj
C:\PWP2\OpenGL\build\Source\OpenIGTLink.dir\Debug\igtlPolyDataMessage.obj
C:\PWP2\OpenGL\build\Source\OpenIGTLink.dir\Debug\igtlPositionMessage.obj
C:\PWP2\OpenGL\build\Source\OpenIGTLink.dir\Debug\igtlQuaternionTrackingDataMessage.obj
C:\PWP2\OpenGL\build\Source\OpenIGTLink.dir\Debug\igtlQueryMessage.obj
C:\PWP2\OpenGL\build\Source\OpenIGTLink.dir\Debug\igtlSensorMessage.obj
C:\PWP2\OpenGL\build\Source\OpenIGTLink.dir\Debug\igtlServerSocket.obj
C:\PWP2\OpenGL\build\Source\OpenIGTLink.dir\Debug\igtlSessionManager.obj
C:\PWP2\OpenGL\build\Source\OpenIGTLink.dir\Debug\igtlSimpleFastMutexLock.obj
C:\PWP2\OpenGL\build\Source\OpenIGTLink.dir\Debug\igtlSocket.obj
C:\PWP2\OpenGL\build\Source\OpenIGTLink.dir\Debug\igtlStatusMessage.obj
C:\PWP2\OpenGL\build\Source\OpenIGTLink.dir\Debug\igtlStringMessage.obj
C:\PWP2\OpenGL\build\Source\OpenIGTLink.dir\Debug\igtlTimeStamp.obj
C:\PWP2\OpenGL\build\Source\OpenIGTLink.dir\Debug\igtlTrackingDataMessage.obj
C:\PWP2\OpenGL\build\Source\OpenIGTLink.dir\Debug\igtlTrajectoryMessage.obj
C:\PWP2\OpenGL\build\Source\OpenIGTLink.dir\Debug\igtlTransformMessage.obj
C:\PWP2\OpenGL\build\Source\OpenIGTLink.dir\Debug\igtlUnit.obj
C:\PWP2\OpenGL\build\Source\OpenIGTLink.dir\Debug\igtl_bind.obj
C:\PWP2\OpenGL\build\Source\OpenIGTLink.dir\Debug\igtl_capability.obj
C:\PWP2\OpenGL\build\Source\OpenIGTLink.dir\Debug\igtl_colortable.obj
C:\PWP2\OpenGL\build\Source\OpenIGTLink.dir\Debug\igtl_command.obj
C:\PWP2\OpenGL\build\Source\OpenIGTLink.dir\Debug\igtl_header.obj
C:\PWP2\OpenGL\build\Source\OpenIGTLink.dir\Debug\igtl_image.obj
C:\PWP2\OpenGL\build\Source\OpenIGTLink.dir\Debug\igtl_imgmeta.obj
C:\PWP2\OpenGL\build\Source\OpenIGTLink.dir\Debug\igtl_lbmeta.obj
C:\PWP2\OpenGL\build\Source\OpenIGTLink.dir\Debug\igtl_ndarray.obj
C:\PWP2\OpenGL\build\Source\OpenIGTLink.dir\Debug\igtl_point.obj
C:\PWP2\OpenGL\build\Source\OpenIGTLink.dir\Debug\igtl_polydata.obj
C:\PWP2\OpenGL\build\Source\OpenIGTLink.dir\Debug\igtl_position.obj
C:\PWP2\OpenGL\build\Source\OpenIGTLink.dir\Debug\igtl_qtdata.obj
C:\PWP2\OpenGL\build\Source\OpenIGTLink.dir\Debug\igtl_qtrans.obj
C:\PWP2\OpenGL\build\Source\OpenIGTLink.dir\Debug\igtl_query.obj
C:\PWP2\OpenGL\build\Source\OpenIGTLink.dir\Debug\igtl_sensor.obj
C:\PWP2\OpenGL\build\Source\OpenIGTLink.dir\Debug\igtl_status.obj
C:\PWP2\OpenGL\build\Source\OpenIGTLink.dir\Debug\igtl_string.obj
C:\PWP2\OpenGL\build\Source\OpenIGTLink.dir\Debug\igtl_tdata.obj
C:\PWP2\OpenGL\build\Source\OpenIGTLink.dir\Debug\igtl_trajectory.obj
C:\PWP2\OpenGL\build\Source\OpenIGTLink.dir\Debug\igtl_transform.obj
C:\PWP2\OpenGL\build\Source\OpenIGTLink.dir\Debug\igtl_unit.obj
C:\PWP2\OpenGL\build\Source\OpenIGTLink.dir\Debug\igtl_util.obj
C:\PWP2\OpenGL\build\Source\OpenIGTLink.dir\Debug\CL.1752.read.1.tlog
C:\PWP2\OpenGL\build\Source\OpenIGTLink.dir\Debug\CL.1752.write.1.tlog
C:\PWP2\OpenGL\build\Source\OpenIGTLink.dir\Debug\CL.3200.read.1.tlog
C:\PWP2\OpenGL\build\Source\OpenIGTLink.dir\Debug\CL.3200.write.1.tlog
C:\PWP2\OpenGL\build\Source\OpenIGTLink.dir\Debug\CL.3812.read.1.tlog
C:\PWP2\OpenGL\build\Source\OpenIGTLink.dir\Debug\CL.3812.write.1.tlog
C:\PWP2\OpenGL\build\Source\OpenIGTLink.dir\Debug\CL.4680.read.1.tlog
C:\PWP2\OpenGL\build\Source\OpenIGTLink.dir\Debug\CL.4680.write.1.tlog
C:\PWP2\OpenGL\build\Source\OpenIGTLink.dir\Debug\CL.4912.read.1.tlog
C:\PWP2\OpenGL\build\Source\OpenIGTLink.dir\Debug\CL.4912.write.1.tlog
C:\PWP2\OpenGL\build\Source\OpenIGTLink.dir\Debug\CL.5704.read.1.tlog
C:\PWP2\OpenGL\build\Source\OpenIGTLink.dir\Debug\CL.5704.write.1.tlog
C:\PWP2\OpenGL\build\Source\OpenIGTLink.dir\Debug\CL.5872.read.1.tlog
C:\PWP2\OpenGL\build\Source\OpenIGTLink.dir\Debug\CL.5872.write.1.tlog
C:\PWP2\OpenGL\build\Source\OpenIGTLink.dir\Debug\CL.6016.read.1.tlog
C:\PWP2\OpenGL\build\Source\OpenIGTLink.dir\Debug\CL.6016.write.1.tlog
C:\PWP2\OpenGL\build\Source\OpenIGTLink.dir\Debug\cl.command.1.tlog
C:\PWP2\OpenGL\build\Source\OpenIGTLink.dir\Debug\CL.read.1.tlog
C:\PWP2\OpenGL\build\Source\OpenIGTLink.dir\Debug\cl.write.1.tlog
C:\PWP2\OpenGL\build\Source\OpenIGTLink.dir\Debug\custombuild.command.1.tlog
C:\PWP2\OpenGL\build\Source\OpenIGTLink.dir\Debug\custombuild.read.1.tlog
C:\PWP2\OpenGL\build\Source\OpenIGTLink.dir\Debug\custombuild.write.1.tlog
C:\PWP2\OpenGL\build\Source\OpenIGTLink.dir\Debug\Lib-link.read.1.tlog
C:\PWP2\OpenGL\build\Source\OpenIGTLink.dir\Debug\Lib-link.write.1.tlog
C:\PWP2\OpenGL\build\Source\OpenIGTLink.dir\Debug\lib.command.1.tlog
C:\PWP2\OpenGL\build\Source\OpenIGTLink.dir\Debug\vc110.pdb
C:\PWP2\OpenGL\build\bin\Debug\OpenIGTLink.lib
