C:\PWP2\OPENGL\BUILD\EXAMPLES\POINT\POINTCLIENT3.DIR\DEBUG\POINTCLIENT3.OBJ
C:\PWP2\OPENGL\BUILD\EXAMPLES\POINT\POINTCLIENT3.DIR\DEBUG\VC110.PDB
C:\PWP2\OPENGL\BUILD\EXAMPLES\POINT\CMAKEFILES\GENERATE.STAMP
C:\PWP2\OPENGL\BUILD\BIN\DEBUG\POINTCLIENT3.ILK
C:\PWP2\OPENGL\BUILD\BIN\DEBUG\POINTCLIENT3.EXE
C:\PWP2\OPENGL\BUILD\BIN\DEBUG\POINTCLIENT3.PDB
C:\PWP2\OpenGL\build\bin\Debug\PointClient3.lib
C:\PWP2\OpenGL\build\bin\Debug\PointClient3.exp
C:\PWP2\OpenGL\build\Examples\Point\PointClient3.dir\Debug\PointClient3.vcxprojResolveAssemblyReference.cache
C:\PWP2\OpenGL\build\Examples\Point\PointClient3.dir\Debug\PointClient3.obj
C:\PWP2\OpenGL\build\Examples\Point\PointClient3.dir\Debug\cl.command.1.tlog
C:\PWP2\OpenGL\build\Examples\Point\PointClient3.dir\Debug\CL.read.1.tlog
C:\PWP2\OpenGL\build\Examples\Point\PointClient3.dir\Debug\CL.write.1.tlog
C:\PWP2\OpenGL\build\Examples\Point\PointClient3.dir\Debug\custombuild.command.1.tlog
C:\PWP2\OpenGL\build\Examples\Point\PointClient3.dir\Debug\custombuild.read.1.tlog
C:\PWP2\OpenGL\build\Examples\Point\PointClient3.dir\Debug\custombuild.write.1.tlog
C:\PWP2\OpenGL\build\Examples\Point\PointClient3.dir\Debug\link-cvtres.read.1.tlog
C:\PWP2\OpenGL\build\Examples\Point\PointClient3.dir\Debug\link-cvtres.write.1.tlog
C:\PWP2\OpenGL\build\Examples\Point\PointClient3.dir\Debug\link-rc.read.1.tlog
C:\PWP2\OpenGL\build\Examples\Point\PointClient3.dir\Debug\link-rc.write.1.tlog
C:\PWP2\OpenGL\build\Examples\Point\PointClient3.dir\Debug\link.command.1.tlog
C:\PWP2\OpenGL\build\Examples\Point\PointClient3.dir\Debug\link.read.1.tlog
C:\PWP2\OpenGL\build\Examples\Point\PointClient3.dir\Debug\link.write.1.tlog
C:\PWP2\OpenGL\build\Examples\Point\PointClient3.dir\Debug\PointClient3.write.1.tlog
C:\PWP2\OpenGL\build\Examples\Point\PointClient3.dir\Debug\vc110.pdb
C:\PWP2\OpenGL\build\bin\Debug\PointClient3.pdb
C:\PWP2\OpenGL\build\bin\Debug\PointClient3.exe
C:\PWP2\OpenGL\build\bin\Debug\PointClient3.ilk
