C:\PWP2\OPENGL\BUILD\EXAMPLES\IMAGEMETA\IMAGEMETASERVER.DIR\DEBUG\IMAGEMETASERVER.OBJ
C:\PWP2\OPENGL\BUILD\EXAMPLES\IMAGEMETA\IMAGEMETASERVER.DIR\DEBUG\VC110.PDB
C:\PWP2\OPENGL\BUILD\EXAMPLES\IMAGEMETA\CMAKEFILES\GENERATE.STAMP
C:\PWP2\OpenGL\build\bin\Debug\ImageMetaServer.lib
C:\PWP2\OpenGL\build\bin\Debug\ImageMetaServer.exp
C:\PWP2\OPENGL\BUILD\BIN\DEBUG\IMAGEMETASERVER.ILK
C:\PWP2\OPENGL\BUILD\BIN\DEBUG\IMAGEMETASERVER.EXE
C:\PWP2\OPENGL\BUILD\BIN\DEBUG\IMAGEMETASERVER.PDB
C:\PWP2\OpenGL\build\Examples\ImageMeta\ImageMetaServer.dir\Debug\ImageMetaServer.vcxprojResolveAssemblyReference.cache
C:\PWP2\OpenGL\build\Examples\ImageMeta\ImageMetaServer.dir\Debug\ImageMetaServer.obj
C:\PWP2\OpenGL\build\Examples\ImageMeta\ImageMetaServer.dir\Debug\cl.command.1.tlog
C:\PWP2\OpenGL\build\Examples\ImageMeta\ImageMetaServer.dir\Debug\CL.read.1.tlog
C:\PWP2\OpenGL\build\Examples\ImageMeta\ImageMetaServer.dir\Debug\CL.write.1.tlog
C:\PWP2\OpenGL\build\Examples\ImageMeta\ImageMetaServer.dir\Debug\custombuild.command.1.tlog
C:\PWP2\OpenGL\build\Examples\ImageMeta\ImageMetaServer.dir\Debug\custombuild.read.1.tlog
C:\PWP2\OpenGL\build\Examples\ImageMeta\ImageMetaServer.dir\Debug\custombuild.write.1.tlog
C:\PWP2\OpenGL\build\Examples\ImageMeta\ImageMetaServer.dir\Debug\ImageMetaServer.write.1.tlog
C:\PWP2\OpenGL\build\Examples\ImageMeta\ImageMetaServer.dir\Debug\link-cvtres.read.1.tlog
C:\PWP2\OpenGL\build\Examples\ImageMeta\ImageMetaServer.dir\Debug\link-cvtres.write.1.tlog
C:\PWP2\OpenGL\build\Examples\ImageMeta\ImageMetaServer.dir\Debug\link-rc.read.1.tlog
C:\PWP2\OpenGL\build\Examples\ImageMeta\ImageMetaServer.dir\Debug\link-rc.write.1.tlog
C:\PWP2\OpenGL\build\Examples\ImageMeta\ImageMetaServer.dir\Debug\link.command.1.tlog
C:\PWP2\OpenGL\build\Examples\ImageMeta\ImageMetaServer.dir\Debug\link.read.1.tlog
C:\PWP2\OpenGL\build\Examples\ImageMeta\ImageMetaServer.dir\Debug\link.write.1.tlog
C:\PWP2\OpenGL\build\Examples\ImageMeta\ImageMetaServer.dir\Debug\vc110.pdb
C:\PWP2\OpenGL\build\bin\Debug\ImageMetaServer.pdb
C:\PWP2\OpenGL\build\bin\Debug\ImageMetaServer.exe
C:\PWP2\OpenGL\build\bin\Debug\ImageMetaServer.ilk
