C:\PWP2\OpenGL\build\bin\Debug\BindClient.lib
C:\PWP2\OpenGL\build\bin\Debug\BindClient.exp
C:\PWP2\OPENGL\BUILD\EXAMPLES\BIND\BINDCLIENT.DIR\DEBUG\BINDCLIENT.OBJ
C:\PWP2\OPENGL\BUILD\EXAMPLES\BIND\BINDCLIENT.DIR\DEBUG\VC110.PDB
C:\PWP2\OPENGL\BUILD\EXAMPLES\BIND\CMAKEFILES\GENERATE.STAMP
C:\PWP2\OPENGL\BUILD\BIN\DEBUG\BINDCLIENT.ILK
C:\PWP2\OPENGL\BUILD\BIN\DEBUG\BINDCLIENT.EXE
C:\PWP2\OPENGL\BUILD\BIN\DEBUG\BINDCLIENT.PDB
C:\PWP2\OpenGL\build\Examples\Bind\BindClient.dir\Debug\BindClient.vcxprojResolveAssemblyReference.cache
C:\PWP2\OpenGL\build\Examples\Bind\BindClient.dir\Debug\BindClient.obj
C:\PWP2\OpenGL\build\Examples\Bind\BindClient.dir\Debug\BindClient.write.1.tlog
C:\PWP2\OpenGL\build\Examples\Bind\BindClient.dir\Debug\cl.command.1.tlog
C:\PWP2\OpenGL\build\Examples\Bind\BindClient.dir\Debug\CL.read.1.tlog
C:\PWP2\OpenGL\build\Examples\Bind\BindClient.dir\Debug\CL.write.1.tlog
C:\PWP2\OpenGL\build\Examples\Bind\BindClient.dir\Debug\custombuild.command.1.tlog
C:\PWP2\OpenGL\build\Examples\Bind\BindClient.dir\Debug\custombuild.read.1.tlog
C:\PWP2\OpenGL\build\Examples\Bind\BindClient.dir\Debug\custombuild.write.1.tlog
C:\PWP2\OpenGL\build\Examples\Bind\BindClient.dir\Debug\link-cvtres.read.1.tlog
C:\PWP2\OpenGL\build\Examples\Bind\BindClient.dir\Debug\link-cvtres.write.1.tlog
C:\PWP2\OpenGL\build\Examples\Bind\BindClient.dir\Debug\link-rc.read.1.tlog
C:\PWP2\OpenGL\build\Examples\Bind\BindClient.dir\Debug\link-rc.write.1.tlog
C:\PWP2\OpenGL\build\Examples\Bind\BindClient.dir\Debug\link.command.1.tlog
C:\PWP2\OpenGL\build\Examples\Bind\BindClient.dir\Debug\link.read.1.tlog
C:\PWP2\OpenGL\build\Examples\Bind\BindClient.dir\Debug\link.write.1.tlog
C:\PWP2\OpenGL\build\Examples\Bind\BindClient.dir\Debug\vc110.pdb
C:\PWP2\OpenGL\build\bin\Debug\BindClient.pdb
C:\PWP2\OpenGL\build\bin\Debug\BindClient.exe
C:\PWP2\OpenGL\build\bin\Debug\BindClient.ilk
