C:\PWP2\OPENGL\BUILD\EXAMPLES\IMAGER\IMAGERSERVER.DIR\DEBUG\IMAGERSERVER.OBJ
C:\PWP2\OPENGL\BUILD\EXAMPLES\IMAGER\IMAGERSERVER.DIR\DEBUG\VC110.PDB
C:\PWP2\OPENGL\BUILD\EXAMPLES\IMAGER\CMAKEFILES\GENERATE.STAMP
C:\PWP2\OpenGL\build\bin\Debug\ImagerServer.lib
C:\PWP2\OpenGL\build\bin\Debug\ImagerServer.exp
C:\PWP2\OPENGL\BUILD\BIN\DEBUG\IMAGERSERVER.ILK
C:\PWP2\OPENGL\BUILD\BIN\DEBUG\IMAGERSERVER.EXE
C:\PWP2\OPENGL\BUILD\BIN\DEBUG\IMAGERSERVER.PDB
C:\PWP2\OpenGL\build\Examples\Imager\ImagerServer.dir\Debug\ImagerServer.vcxprojResolveAssemblyReference.cache
C:\PWP2\OpenGL\build\Examples\Imager\ImagerServer.dir\Debug\ImagerServer.obj
C:\PWP2\OpenGL\build\Examples\Imager\ImagerServer.dir\Debug\cl.command.1.tlog
C:\PWP2\OpenGL\build\Examples\Imager\ImagerServer.dir\Debug\CL.read.1.tlog
C:\PWP2\OpenGL\build\Examples\Imager\ImagerServer.dir\Debug\CL.write.1.tlog
C:\PWP2\OpenGL\build\Examples\Imager\ImagerServer.dir\Debug\custombuild.command.1.tlog
C:\PWP2\OpenGL\build\Examples\Imager\ImagerServer.dir\Debug\custombuild.read.1.tlog
C:\PWP2\OpenGL\build\Examples\Imager\ImagerServer.dir\Debug\custombuild.write.1.tlog
C:\PWP2\OpenGL\build\Examples\Imager\ImagerServer.dir\Debug\ImagerServer.write.1.tlog
C:\PWP2\OpenGL\build\Examples\Imager\ImagerServer.dir\Debug\link-cvtres.read.1.tlog
C:\PWP2\OpenGL\build\Examples\Imager\ImagerServer.dir\Debug\link-cvtres.write.1.tlog
C:\PWP2\OpenGL\build\Examples\Imager\ImagerServer.dir\Debug\link-rc.read.1.tlog
C:\PWP2\OpenGL\build\Examples\Imager\ImagerServer.dir\Debug\link-rc.write.1.tlog
C:\PWP2\OpenGL\build\Examples\Imager\ImagerServer.dir\Debug\link.command.1.tlog
C:\PWP2\OpenGL\build\Examples\Imager\ImagerServer.dir\Debug\link.read.1.tlog
C:\PWP2\OpenGL\build\Examples\Imager\ImagerServer.dir\Debug\link.write.1.tlog
C:\PWP2\OpenGL\build\Examples\Imager\ImagerServer.dir\Debug\vc110.pdb
C:\PWP2\OpenGL\build\bin\Debug\ImagerServer.pdb
C:\PWP2\OpenGL\build\bin\Debug\ImagerServer.exe
C:\PWP2\OpenGL\build\bin\Debug\ImagerServer.ilk
