C:\PWP2\OpenGL\build\bin\Debug\CapabilityClient.lib
C:\PWP2\OpenGL\build\bin\Debug\CapabilityClient.exp
C:\PWP2\OPENGL\BUILD\EXAMPLES\CAPABILITY\CAPABILITYCLIENT.DIR\DEBUG\CAPABILITYCLIENT.OBJ
C:\PWP2\OPENGL\BUILD\EXAMPLES\CAPABILITY\CAPABILITYCLIENT.DIR\DEBUG\VC110.PDB
C:\PWP2\OPENGL\BUILD\EXAMPLES\CAPABILITY\CMAKEFILES\GENERATE.STAMP
C:\PWP2\OPENGL\BUILD\BIN\DEBUG\CAPABILITYCLIENT.ILK
C:\PWP2\OPENGL\BUILD\BIN\DEBUG\CAPABILITYCLIENT.EXE
C:\PWP2\OPENGL\BUILD\BIN\DEBUG\CAPABILITYCLIENT.PDB
C:\PWP2\OpenGL\build\Examples\Capability\CapabilityClient.dir\Debug\CapabilityClient.vcxprojResolveAssemblyReference.cache
C:\PWP2\OpenGL\build\Examples\Capability\CapabilityClient.dir\Debug\CapabilityClient.obj
C:\PWP2\OpenGL\build\Examples\Capability\CapabilityClient.dir\Debug\CapabilityClient.write.1.tlog
C:\PWP2\OpenGL\build\Examples\Capability\CapabilityClient.dir\Debug\cl.command.1.tlog
C:\PWP2\OpenGL\build\Examples\Capability\CapabilityClient.dir\Debug\CL.read.1.tlog
C:\PWP2\OpenGL\build\Examples\Capability\CapabilityClient.dir\Debug\CL.write.1.tlog
C:\PWP2\OpenGL\build\Examples\Capability\CapabilityClient.dir\Debug\custombuild.command.1.tlog
C:\PWP2\OpenGL\build\Examples\Capability\CapabilityClient.dir\Debug\custombuild.read.1.tlog
C:\PWP2\OpenGL\build\Examples\Capability\CapabilityClient.dir\Debug\custombuild.write.1.tlog
C:\PWP2\OpenGL\build\Examples\Capability\CapabilityClient.dir\Debug\link-cvtres.read.1.tlog
C:\PWP2\OpenGL\build\Examples\Capability\CapabilityClient.dir\Debug\link-cvtres.write.1.tlog
C:\PWP2\OpenGL\build\Examples\Capability\CapabilityClient.dir\Debug\link-rc.read.1.tlog
C:\PWP2\OpenGL\build\Examples\Capability\CapabilityClient.dir\Debug\link-rc.write.1.tlog
C:\PWP2\OpenGL\build\Examples\Capability\CapabilityClient.dir\Debug\link.command.1.tlog
C:\PWP2\OpenGL\build\Examples\Capability\CapabilityClient.dir\Debug\link.read.1.tlog
C:\PWP2\OpenGL\build\Examples\Capability\CapabilityClient.dir\Debug\link.write.1.tlog
C:\PWP2\OpenGL\build\Examples\Capability\CapabilityClient.dir\Debug\vc110.pdb
C:\PWP2\OpenGL\build\bin\Debug\CapabilityClient.pdb
C:\PWP2\OpenGL\build\bin\Debug\CapabilityClient.exe
C:\PWP2\OpenGL\build\bin\Debug\CapabilityClient.ilk
