C:\PWP2\OPENGL\BUILD\EXAMPLES\TRACKINGDATA\TRACKINGDATACLIENT.DIR\DEBUG\TRACKINGDATACLIENT.OBJ
C:\PWP2\OPENGL\BUILD\EXAMPLES\TRACKINGDATA\TRACKINGDATACLIENT.DIR\DEBUG\VC110.PDB
C:\PWP2\OPENGL\BUILD\EXAMPLES\TRACKINGDATA\CMAKEFILES\GENERATE.STAMP
C:\PWP2\OPENGL\BUILD\BIN\DEBUG\TRACKINGDATACLIENT.ILK
C:\PWP2\OPENGL\BUILD\BIN\DEBUG\TRACKINGDATACLIENT.EXE
C:\PWP2\OPENGL\BUILD\BIN\DEBUG\TRACKINGDATACLIENT.PDB
C:\PWP2\OpenGL\build\bin\Debug\TrackingDataClient.lib
C:\PWP2\OpenGL\build\bin\Debug\TrackingDataClient.exp
C:\PWP2\OpenGL\build\Examples\TrackingData\TrackingDataClient.dir\Debug\TrackingDataClient.vcxprojResolveAssemblyReference.cache
C:\PWP2\OpenGL\build\Examples\TrackingData\TrackingDataClient.dir\Debug\TrackingDataClient.obj
C:\PWP2\OpenGL\build\Examples\TrackingData\TrackingDataClient.dir\Debug\cl.command.1.tlog
C:\PWP2\OpenGL\build\Examples\TrackingData\TrackingDataClient.dir\Debug\CL.read.1.tlog
C:\PWP2\OpenGL\build\Examples\TrackingData\TrackingDataClient.dir\Debug\CL.write.1.tlog
C:\PWP2\OpenGL\build\Examples\TrackingData\TrackingDataClient.dir\Debug\custombuild.command.1.tlog
C:\PWP2\OpenGL\build\Examples\TrackingData\TrackingDataClient.dir\Debug\custombuild.read.1.tlog
C:\PWP2\OpenGL\build\Examples\TrackingData\TrackingDataClient.dir\Debug\custombuild.write.1.tlog
C:\PWP2\OpenGL\build\Examples\TrackingData\TrackingDataClient.dir\Debug\link-cvtres.read.1.tlog
C:\PWP2\OpenGL\build\Examples\TrackingData\TrackingDataClient.dir\Debug\link-cvtres.write.1.tlog
C:\PWP2\OpenGL\build\Examples\TrackingData\TrackingDataClient.dir\Debug\link-rc.read.1.tlog
C:\PWP2\OpenGL\build\Examples\TrackingData\TrackingDataClient.dir\Debug\link-rc.write.1.tlog
C:\PWP2\OpenGL\build\Examples\TrackingData\TrackingDataClient.dir\Debug\link.command.1.tlog
C:\PWP2\OpenGL\build\Examples\TrackingData\TrackingDataClient.dir\Debug\link.read.1.tlog
C:\PWP2\OpenGL\build\Examples\TrackingData\TrackingDataClient.dir\Debug\link.write.1.tlog
C:\PWP2\OpenGL\build\Examples\TrackingData\TrackingDataClient.dir\Debug\TrackingDataClient.write.1.tlog
C:\PWP2\OpenGL\build\Examples\TrackingData\TrackingDataClient.dir\Debug\vc110.pdb
C:\PWP2\OpenGL\build\bin\Debug\TrackingDataClient.pdb
C:\PWP2\OpenGL\build\bin\Debug\TrackingDataClient.exe
C:\PWP2\OpenGL\build\bin\Debug\TrackingDataClient.ilk
