C:\PWP2\OPENGL\BUILD\EXAMPLES\IMAGER\IMAGERCLIENT.DIR\DEBUG\IMAGERCLIENT.OBJ
C:\PWP2\OPENGL\BUILD\EXAMPLES\IMAGER\IMAGERCLIENT.DIR\DEBUG\VC110.PDB
C:\PWP2\OPENGL\BUILD\EXAMPLES\IMAGER\CMAKEFILES\GENERATE.STAMP
C:\PWP2\OpenGL\build\bin\Debug\ImagerClient.lib
C:\PWP2\OpenGL\build\bin\Debug\ImagerClient.exp
C:\PWP2\OPENGL\BUILD\BIN\DEBUG\IMAGERCLIENT.ILK
C:\PWP2\OPENGL\BUILD\BIN\DEBUG\IMAGERCLIENT.EXE
C:\PWP2\OPENGL\BUILD\BIN\DEBUG\IMAGERCLIENT.PDB
C:\PWP2\OpenGL\build\Examples\Imager\ImagerClient.dir\Debug\ImagerClient.vcxprojResolveAssemblyReference.cache
C:\PWP2\OpenGL\build\Examples\Imager\ImagerClient.dir\Debug\ImagerClient.obj
C:\PWP2\OpenGL\build\Examples\Imager\ImagerClient.dir\Debug\cl.command.1.tlog
C:\PWP2\OpenGL\build\Examples\Imager\ImagerClient.dir\Debug\CL.read.1.tlog
C:\PWP2\OpenGL\build\Examples\Imager\ImagerClient.dir\Debug\CL.write.1.tlog
C:\PWP2\OpenGL\build\Examples\Imager\ImagerClient.dir\Debug\custombuild.command.1.tlog
C:\PWP2\OpenGL\build\Examples\Imager\ImagerClient.dir\Debug\custombuild.read.1.tlog
C:\PWP2\OpenGL\build\Examples\Imager\ImagerClient.dir\Debug\custombuild.write.1.tlog
C:\PWP2\OpenGL\build\Examples\Imager\ImagerClient.dir\Debug\ImagerClient.write.1.tlog
C:\PWP2\OpenGL\build\Examples\Imager\ImagerClient.dir\Debug\link-cvtres.read.1.tlog
C:\PWP2\OpenGL\build\Examples\Imager\ImagerClient.dir\Debug\link-cvtres.write.1.tlog
C:\PWP2\OpenGL\build\Examples\Imager\ImagerClient.dir\Debug\link-rc.read.1.tlog
C:\PWP2\OpenGL\build\Examples\Imager\ImagerClient.dir\Debug\link-rc.write.1.tlog
C:\PWP2\OpenGL\build\Examples\Imager\ImagerClient.dir\Debug\link.command.1.tlog
C:\PWP2\OpenGL\build\Examples\Imager\ImagerClient.dir\Debug\link.read.1.tlog
C:\PWP2\OpenGL\build\Examples\Imager\ImagerClient.dir\Debug\link.write.1.tlog
C:\PWP2\OpenGL\build\Examples\Imager\ImagerClient.dir\Debug\vc110.pdb
C:\PWP2\OpenGL\build\bin\Debug\ImagerClient.pdb
C:\PWP2\OpenGL\build\bin\Debug\ImagerClient.exe
C:\PWP2\OpenGL\build\bin\Debug\ImagerClient.ilk
