C:\PWP2\OPENGL\BUILD\EXAMPLES\IMAGEMETA\LABELMETASERVER.DIR\DEBUG\LABELMETASERVER.OBJ
C:\PWP2\OPENGL\BUILD\EXAMPLES\IMAGEMETA\LABELMETASERVER.DIR\DEBUG\VC110.PDB
C:\PWP2\OPENGL\BUILD\EXAMPLES\IMAGEMETA\CMAKEFILES\GENERATE.STAMP
C:\PWP2\OpenGL\build\bin\Debug\LabelMetaServer.lib
C:\PWP2\OpenGL\build\bin\Debug\LabelMetaServer.exp
C:\PWP2\OPENGL\BUILD\BIN\DEBUG\LABELMETASERVER.ILK
C:\PWP2\OPENGL\BUILD\BIN\DEBUG\LABELMETASERVER.EXE
C:\PWP2\OPENGL\BUILD\BIN\DEBUG\LABELMETASERVER.PDB
C:\PWP2\OpenGL\build\Examples\ImageMeta\LabelMetaServer.dir\Debug\LabelMetaServer.vcxprojResolveAssemblyReference.cache
C:\PWP2\OpenGL\build\Examples\ImageMeta\LabelMetaServer.dir\Debug\LabelMetaServer.obj
C:\PWP2\OpenGL\build\Examples\ImageMeta\LabelMetaServer.dir\Debug\cl.command.1.tlog
C:\PWP2\OpenGL\build\Examples\ImageMeta\LabelMetaServer.dir\Debug\CL.read.1.tlog
C:\PWP2\OpenGL\build\Examples\ImageMeta\LabelMetaServer.dir\Debug\CL.write.1.tlog
C:\PWP2\OpenGL\build\Examples\ImageMeta\LabelMetaServer.dir\Debug\custombuild.command.1.tlog
C:\PWP2\OpenGL\build\Examples\ImageMeta\LabelMetaServer.dir\Debug\custombuild.read.1.tlog
C:\PWP2\OpenGL\build\Examples\ImageMeta\LabelMetaServer.dir\Debug\custombuild.write.1.tlog
C:\PWP2\OpenGL\build\Examples\ImageMeta\LabelMetaServer.dir\Debug\LabelMetaServer.write.1.tlog
C:\PWP2\OpenGL\build\Examples\ImageMeta\LabelMetaServer.dir\Debug\link-cvtres.read.1.tlog
C:\PWP2\OpenGL\build\Examples\ImageMeta\LabelMetaServer.dir\Debug\link-cvtres.write.1.tlog
C:\PWP2\OpenGL\build\Examples\ImageMeta\LabelMetaServer.dir\Debug\link-rc.read.1.tlog
C:\PWP2\OpenGL\build\Examples\ImageMeta\LabelMetaServer.dir\Debug\link-rc.write.1.tlog
C:\PWP2\OpenGL\build\Examples\ImageMeta\LabelMetaServer.dir\Debug\link.command.1.tlog
C:\PWP2\OpenGL\build\Examples\ImageMeta\LabelMetaServer.dir\Debug\link.read.1.tlog
C:\PWP2\OpenGL\build\Examples\ImageMeta\LabelMetaServer.dir\Debug\link.write.1.tlog
C:\PWP2\OpenGL\build\Examples\ImageMeta\LabelMetaServer.dir\Debug\vc110.pdb
C:\PWP2\OpenGL\build\bin\Debug\LabelMetaServer.pdb
C:\PWP2\OpenGL\build\bin\Debug\LabelMetaServer.exe
C:\PWP2\OpenGL\build\bin\Debug\LabelMetaServer.ilk
