C:\PWP2\OPENGL\BUILD\EXAMPLES\IMAGEDATABASESERVER\IMAGEDATABASESERVER.DIR\DEBUG\IMAGEDATABASESERVER.OBJ
C:\PWP2\OPENGL\BUILD\EXAMPLES\IMAGEDATABASESERVER\IMAGEDATABASESERVER.DIR\DEBUG\VC110.PDB
C:\PWP2\OPENGL\BUILD\EXAMPLES\IMAGEDATABASESERVER\CMAKEFILES\GENERATE.STAMP
C:\PWP2\OpenGL\build\bin\Debug\ImageDatabaseServer.lib
C:\PWP2\OpenGL\build\bin\Debug\ImageDatabaseServer.exp
C:\PWP2\OPENGL\BUILD\BIN\DEBUG\IMAGEDATABASESERVER.ILK
C:\PWP2\OPENGL\BUILD\BIN\DEBUG\IMAGEDATABASESERVER.EXE
C:\PWP2\OPENGL\BUILD\BIN\DEBUG\IMAGEDATABASESERVER.PDB
C:\PWP2\OpenGL\build\Examples\ImageDatabaseServer\ImageDatabaseServer.dir\Debug\ImageDatabaseServer.vcxprojResolveAssemblyReference.cache
C:\PWP2\OpenGL\build\Examples\ImageDatabaseServer\ImageDatabaseServer.dir\Debug\ImageDatabaseServer.obj
C:\PWP2\OpenGL\build\Examples\ImageDatabaseServer\ImageDatabaseServer.dir\Debug\cl.command.1.tlog
C:\PWP2\OpenGL\build\Examples\ImageDatabaseServer\ImageDatabaseServer.dir\Debug\CL.read.1.tlog
C:\PWP2\OpenGL\build\Examples\ImageDatabaseServer\ImageDatabaseServer.dir\Debug\CL.write.1.tlog
C:\PWP2\OpenGL\build\Examples\ImageDatabaseServer\ImageDatabaseServer.dir\Debug\custombuild.command.1.tlog
C:\PWP2\OpenGL\build\Examples\ImageDatabaseServer\ImageDatabaseServer.dir\Debug\custombuild.read.1.tlog
C:\PWP2\OpenGL\build\Examples\ImageDatabaseServer\ImageDatabaseServer.dir\Debug\custombuild.write.1.tlog
C:\PWP2\OpenGL\build\Examples\ImageDatabaseServer\ImageDatabaseServer.dir\Debug\ImageDatabaseServer.write.1.tlog
C:\PWP2\OpenGL\build\Examples\ImageDatabaseServer\ImageDatabaseServer.dir\Debug\link-cvtres.read.1.tlog
C:\PWP2\OpenGL\build\Examples\ImageDatabaseServer\ImageDatabaseServer.dir\Debug\link-cvtres.write.1.tlog
C:\PWP2\OpenGL\build\Examples\ImageDatabaseServer\ImageDatabaseServer.dir\Debug\link-rc.read.1.tlog
C:\PWP2\OpenGL\build\Examples\ImageDatabaseServer\ImageDatabaseServer.dir\Debug\link-rc.write.1.tlog
C:\PWP2\OpenGL\build\Examples\ImageDatabaseServer\ImageDatabaseServer.dir\Debug\link.command.1.tlog
C:\PWP2\OpenGL\build\Examples\ImageDatabaseServer\ImageDatabaseServer.dir\Debug\link.read.1.tlog
C:\PWP2\OpenGL\build\Examples\ImageDatabaseServer\ImageDatabaseServer.dir\Debug\link.write.1.tlog
C:\PWP2\OpenGL\build\Examples\ImageDatabaseServer\ImageDatabaseServer.dir\Debug\vc110.pdb
C:\PWP2\OpenGL\build\bin\Debug\ImageDatabaseServer.pdb
C:\PWP2\OpenGL\build\bin\Debug\ImageDatabaseServer.exe
C:\PWP2\OpenGL\build\bin\Debug\ImageDatabaseServer.ilk
