C:\PWP2\OPENGL\BUILD\EXAMPLES\QUATERNIONTRACKINGDATA\QUATERNIONTRACKINGDATACLIENT.DIR\DEBUG\QUATERNIONTRACKINGDATACLIENT.OBJ
C:\PWP2\OPENGL\BUILD\EXAMPLES\QUATERNIONTRACKINGDATA\QUATERNIONTRACKINGDATACLIENT.DIR\DEBUG\VC110.PDB
C:\PWP2\OPENGL\BUILD\EXAMPLES\QUATERNIONTRACKINGDATA\CMAKEFILES\GENERATE.STAMP
C:\PWP2\OPENGL\BUILD\BIN\DEBUG\QUATERNIONTRACKINGDATACLIENT.ILK
C:\PWP2\OPENGL\BUILD\BIN\DEBUG\QUATERNIONTRACKINGDATACLIENT.EXE
C:\PWP2\OPENGL\BUILD\BIN\DEBUG\QUATERNIONTRACKINGDATACLIENT.PDB
C:\PWP2\OpenGL\build\bin\Debug\QuaternionTrackingDataClient.lib
C:\PWP2\OpenGL\build\bin\Debug\QuaternionTrackingDataClient.exp
C:\PWP2\OpenGL\build\Examples\QuaternionTrackingData\QuaternionTrackingDataClient.dir\Debug\QuaternionTrackingDataClient.vcxprojResolveAssemblyReference.cache
C:\PWP2\OpenGL\build\Examples\QuaternionTrackingData\QuaternionTrackingDataClient.dir\Debug\QuaternionTrackingDataClient.obj
C:\PWP2\OpenGL\build\Examples\QuaternionTrackingData\QuaternionTrackingDataClient.dir\Debug\cl.command.1.tlog
C:\PWP2\OpenGL\build\Examples\QuaternionTrackingData\QuaternionTrackingDataClient.dir\Debug\CL.read.1.tlog
C:\PWP2\OpenGL\build\Examples\QuaternionTrackingData\QuaternionTrackingDataClient.dir\Debug\CL.write.1.tlog
C:\PWP2\OpenGL\build\Examples\QuaternionTrackingData\QuaternionTrackingDataClient.dir\Debug\custombuild.command.1.tlog
C:\PWP2\OpenGL\build\Examples\QuaternionTrackingData\QuaternionTrackingDataClient.dir\Debug\custombuild.read.1.tlog
C:\PWP2\OpenGL\build\Examples\QuaternionTrackingData\QuaternionTrackingDataClient.dir\Debug\custombuild.write.1.tlog
C:\PWP2\OpenGL\build\Examples\QuaternionTrackingData\QuaternionTrackingDataClient.dir\Debug\link-cvtres.read.1.tlog
C:\PWP2\OpenGL\build\Examples\QuaternionTrackingData\QuaternionTrackingDataClient.dir\Debug\link-cvtres.write.1.tlog
C:\PWP2\OpenGL\build\Examples\QuaternionTrackingData\QuaternionTrackingDataClient.dir\Debug\link-rc.read.1.tlog
C:\PWP2\OpenGL\build\Examples\QuaternionTrackingData\QuaternionTrackingDataClient.dir\Debug\link-rc.write.1.tlog
C:\PWP2\OpenGL\build\Examples\QuaternionTrackingData\QuaternionTrackingDataClient.dir\Debug\link.command.1.tlog
C:\PWP2\OpenGL\build\Examples\QuaternionTrackingData\QuaternionTrackingDataClient.dir\Debug\link.read.1.tlog
C:\PWP2\OpenGL\build\Examples\QuaternionTrackingData\QuaternionTrackingDataClient.dir\Debug\link.write.1.tlog
C:\PWP2\OpenGL\build\Examples\QuaternionTrackingData\QuaternionTrackingDataClient.dir\Debug\QuaternionTrackingDataClient.write.1.tlog
C:\PWP2\OpenGL\build\Examples\QuaternionTrackingData\QuaternionTrackingDataClient.dir\Debug\vc110.pdb
C:\PWP2\OpenGL\build\bin\Debug\QuaternionTrackingDataClient.pdb
C:\PWP2\OpenGL\build\bin\Debug\QuaternionTrackingDataClient.exe
C:\PWP2\OpenGL\build\bin\Debug\QuaternionTrackingDataClient.ilk
