C:\PWP2\OPENGL\BUILD\EXAMPLES\STATUS\STATUSSERVER.DIR\DEBUG\STATUSSERVER.OBJ
C:\PWP2\OPENGL\BUILD\EXAMPLES\STATUS\STATUSSERVER.DIR\DEBUG\VC110.PDB
C:\PWP2\OPENGL\BUILD\EXAMPLES\STATUS\CMAKEFILES\GENERATE.STAMP
C:\PWP2\OPENGL\BUILD\BIN\DEBUG\STATUSSERVER.ILK
C:\PWP2\OPENGL\BUILD\BIN\DEBUG\STATUSSERVER.EXE
C:\PWP2\OPENGL\BUILD\BIN\DEBUG\STATUSSERVER.PDB
C:\PWP2\OpenGL\build\bin\Debug\StatusServer.lib
C:\PWP2\OpenGL\build\bin\Debug\StatusServer.exp
C:\PWP2\OpenGL\build\Examples\Status\StatusServer.dir\Debug\StatusServer.vcxprojResolveAssemblyReference.cache
C:\PWP2\OpenGL\build\Examples\Status\StatusServer.dir\Debug\StatusServer.obj
C:\PWP2\OpenGL\build\Examples\Status\StatusServer.dir\Debug\cl.command.1.tlog
C:\PWP2\OpenGL\build\Examples\Status\StatusServer.dir\Debug\CL.read.1.tlog
C:\PWP2\OpenGL\build\Examples\Status\StatusServer.dir\Debug\CL.write.1.tlog
C:\PWP2\OpenGL\build\Examples\Status\StatusServer.dir\Debug\custombuild.command.1.tlog
C:\PWP2\OpenGL\build\Examples\Status\StatusServer.dir\Debug\custombuild.read.1.tlog
C:\PWP2\OpenGL\build\Examples\Status\StatusServer.dir\Debug\custombuild.write.1.tlog
C:\PWP2\OpenGL\build\Examples\Status\StatusServer.dir\Debug\link-cvtres.read.1.tlog
C:\PWP2\OpenGL\build\Examples\Status\StatusServer.dir\Debug\link-cvtres.write.1.tlog
C:\PWP2\OpenGL\build\Examples\Status\StatusServer.dir\Debug\link-rc.read.1.tlog
C:\PWP2\OpenGL\build\Examples\Status\StatusServer.dir\Debug\link-rc.write.1.tlog
C:\PWP2\OpenGL\build\Examples\Status\StatusServer.dir\Debug\link.command.1.tlog
C:\PWP2\OpenGL\build\Examples\Status\StatusServer.dir\Debug\link.read.1.tlog
C:\PWP2\OpenGL\build\Examples\Status\StatusServer.dir\Debug\link.write.1.tlog
C:\PWP2\OpenGL\build\Examples\Status\StatusServer.dir\Debug\StatusServer.write.1.tlog
C:\PWP2\OpenGL\build\Examples\Status\StatusServer.dir\Debug\vc110.pdb
C:\PWP2\OpenGL\build\bin\Debug\StatusServer.pdb
C:\PWP2\OpenGL\build\bin\Debug\StatusServer.exe
C:\PWP2\OpenGL\build\bin\Debug\StatusServer.ilk
