C:\PWP2\OPENGL\BUILD\EXAMPLES\STRING\STRINGECHOSERVER.DIR\DEBUG\STRINGECHOSERVER.OBJ
C:\PWP2\OPENGL\BUILD\EXAMPLES\STRING\STRINGECHOSERVER.DIR\DEBUG\VC110.PDB
C:\PWP2\OPENGL\BUILD\EXAMPLES\STRING\CMAKEFILES\GENERATE.STAMP
C:\PWP2\OPENGL\BUILD\BIN\DEBUG\STRINGECHOSERVER.ILK
C:\PWP2\OPENGL\BUILD\BIN\DEBUG\STRINGECHOSERVER.EXE
C:\PWP2\OPENGL\BUILD\BIN\DEBUG\STRINGECHOSERVER.PDB
C:\PWP2\OpenGL\build\bin\Debug\StringEchoServer.lib
C:\PWP2\OpenGL\build\bin\Debug\StringEchoServer.exp
C:\PWP2\OpenGL\build\Examples\String\StringEchoServer.dir\Debug\StringEchoServer.vcxprojResolveAssemblyReference.cache
C:\PWP2\OpenGL\build\Examples\String\StringEchoServer.dir\Debug\StringEchoServer.obj
C:\PWP2\OpenGL\build\Examples\String\StringEchoServer.dir\Debug\cl.command.1.tlog
C:\PWP2\OpenGL\build\Examples\String\StringEchoServer.dir\Debug\CL.read.1.tlog
C:\PWP2\OpenGL\build\Examples\String\StringEchoServer.dir\Debug\CL.write.1.tlog
C:\PWP2\OpenGL\build\Examples\String\StringEchoServer.dir\Debug\custombuild.command.1.tlog
C:\PWP2\OpenGL\build\Examples\String\StringEchoServer.dir\Debug\custombuild.read.1.tlog
C:\PWP2\OpenGL\build\Examples\String\StringEchoServer.dir\Debug\custombuild.write.1.tlog
C:\PWP2\OpenGL\build\Examples\String\StringEchoServer.dir\Debug\link-cvtres.read.1.tlog
C:\PWP2\OpenGL\build\Examples\String\StringEchoServer.dir\Debug\link-cvtres.write.1.tlog
C:\PWP2\OpenGL\build\Examples\String\StringEchoServer.dir\Debug\link-rc.read.1.tlog
C:\PWP2\OpenGL\build\Examples\String\StringEchoServer.dir\Debug\link-rc.write.1.tlog
C:\PWP2\OpenGL\build\Examples\String\StringEchoServer.dir\Debug\link.command.1.tlog
C:\PWP2\OpenGL\build\Examples\String\StringEchoServer.dir\Debug\link.read.1.tlog
C:\PWP2\OpenGL\build\Examples\String\StringEchoServer.dir\Debug\link.write.1.tlog
C:\PWP2\OpenGL\build\Examples\String\StringEchoServer.dir\Debug\StringEchoServer.write.1.tlog
C:\PWP2\OpenGL\build\Examples\String\StringEchoServer.dir\Debug\vc110.pdb
C:\PWP2\OpenGL\build\bin\Debug\StringEchoServer.pdb
C:\PWP2\OpenGL\build\bin\Debug\StringEchoServer.exe
C:\PWP2\OpenGL\build\bin\Debug\StringEchoServer.ilk
