C:\PWP2\OPENGL\BUILD\EXAMPLES\TRACKER\TRACKERSERVER2.DIR\DEBUG\TRACKERSERVER2.OBJ
C:\PWP2\OPENGL\BUILD\EXAMPLES\TRACKER\TRACKERSERVER2.DIR\DEBUG\VC110.PDB
C:\PWP2\OPENGL\BUILD\EXAMPLES\TRACKER\CMAKEFILES\GENERATE.STAMP
C:\PWP2\OPENGL\BUILD\BIN\DEBUG\TRACKERSERVER2.ILK
C:\PWP2\OPENGL\BUILD\BIN\DEBUG\TRACKERSERVER2.EXE
C:\PWP2\OPENGL\BUILD\BIN\DEBUG\TRACKERSERVER2.PDB
C:\PWP2\OpenGL\build\bin\Debug\TrackerServer2.lib
C:\PWP2\OpenGL\build\bin\Debug\TrackerServer2.exp
C:\PWP2\OpenGL\build\Examples\Tracker\TrackerServer2.dir\Debug\TrackerServer2.vcxprojResolveAssemblyReference.cache
C:\PWP2\OpenGL\build\Examples\Tracker\TrackerServer2.dir\Debug\TrackerServer2.obj
C:\PWP2\OpenGL\build\Examples\Tracker\TrackerServer2.dir\Debug\cl.command.1.tlog
C:\PWP2\OpenGL\build\Examples\Tracker\TrackerServer2.dir\Debug\CL.read.1.tlog
C:\PWP2\OpenGL\build\Examples\Tracker\TrackerServer2.dir\Debug\CL.write.1.tlog
C:\PWP2\OpenGL\build\Examples\Tracker\TrackerServer2.dir\Debug\custombuild.command.1.tlog
C:\PWP2\OpenGL\build\Examples\Tracker\TrackerServer2.dir\Debug\custombuild.read.1.tlog
C:\PWP2\OpenGL\build\Examples\Tracker\TrackerServer2.dir\Debug\custombuild.write.1.tlog
C:\PWP2\OpenGL\build\Examples\Tracker\TrackerServer2.dir\Debug\link-cvtres.read.1.tlog
C:\PWP2\OpenGL\build\Examples\Tracker\TrackerServer2.dir\Debug\link-cvtres.write.1.tlog
C:\PWP2\OpenGL\build\Examples\Tracker\TrackerServer2.dir\Debug\link-rc.read.1.tlog
C:\PWP2\OpenGL\build\Examples\Tracker\TrackerServer2.dir\Debug\link-rc.write.1.tlog
C:\PWP2\OpenGL\build\Examples\Tracker\TrackerServer2.dir\Debug\link.command.1.tlog
C:\PWP2\OpenGL\build\Examples\Tracker\TrackerServer2.dir\Debug\link.read.1.tlog
C:\PWP2\OpenGL\build\Examples\Tracker\TrackerServer2.dir\Debug\link.write.1.tlog
C:\PWP2\OpenGL\build\Examples\Tracker\TrackerServer2.dir\Debug\TrackerServer2.write.1.tlog
C:\PWP2\OpenGL\build\Examples\Tracker\TrackerServer2.dir\Debug\vc110.pdb
C:\PWP2\OpenGL\build\bin\Debug\TrackerServer2.pdb
C:\PWP2\OpenGL\build\bin\Debug\TrackerServer2.exe
C:\PWP2\OpenGL\build\bin\Debug\TrackerServer2.ilk
