C:\PWP2\OPENGL\BUILD\EXAMPLES\TRACKINGDATA\TRACKINGDATASERVER.DIR\DEBUG\TRACKINGDATASERVER.OBJ
C:\PWP2\OPENGL\BUILD\EXAMPLES\TRACKINGDATA\TRACKINGDATASERVER.DIR\DEBUG\VC110.PDB
C:\PWP2\OPENGL\BUILD\EXAMPLES\TRACKINGDATA\CMAKEFILES\GENERATE.STAMP
C:\PWP2\OPENGL\BUILD\BIN\DEBUG\TRACKINGDATASERVER.ILK
C:\PWP2\OPENGL\BUILD\BIN\DEBUG\TRACKINGDATASERVER.EXE
C:\PWP2\OPENGL\BUILD\BIN\DEBUG\TRACKINGDATASERVER.PDB
C:\PWP2\OpenGL\build\bin\Debug\TrackingDataServer.lib
C:\PWP2\OpenGL\build\bin\Debug\TrackingDataServer.exp
C:\PWP2\OpenGL\build\Examples\TrackingData\TrackingDataServer.dir\Debug\TrackingDataServer.vcxprojResolveAssemblyReference.cache
C:\PWP2\OpenGL\build\Examples\TrackingData\TrackingDataServer.dir\Debug\TrackingDataServer.obj
C:\PWP2\OpenGL\build\Examples\TrackingData\TrackingDataServer.dir\Debug\cl.command.1.tlog
C:\PWP2\OpenGL\build\Examples\TrackingData\TrackingDataServer.dir\Debug\CL.read.1.tlog
C:\PWP2\OpenGL\build\Examples\TrackingData\TrackingDataServer.dir\Debug\CL.write.1.tlog
C:\PWP2\OpenGL\build\Examples\TrackingData\TrackingDataServer.dir\Debug\custombuild.command.1.tlog
C:\PWP2\OpenGL\build\Examples\TrackingData\TrackingDataServer.dir\Debug\custombuild.read.1.tlog
C:\PWP2\OpenGL\build\Examples\TrackingData\TrackingDataServer.dir\Debug\custombuild.write.1.tlog
C:\PWP2\OpenGL\build\Examples\TrackingData\TrackingDataServer.dir\Debug\link-cvtres.read.1.tlog
C:\PWP2\OpenGL\build\Examples\TrackingData\TrackingDataServer.dir\Debug\link-cvtres.write.1.tlog
C:\PWP2\OpenGL\build\Examples\TrackingData\TrackingDataServer.dir\Debug\link-rc.read.1.tlog
C:\PWP2\OpenGL\build\Examples\TrackingData\TrackingDataServer.dir\Debug\link-rc.write.1.tlog
C:\PWP2\OpenGL\build\Examples\TrackingData\TrackingDataServer.dir\Debug\link.command.1.tlog
C:\PWP2\OpenGL\build\Examples\TrackingData\TrackingDataServer.dir\Debug\link.read.1.tlog
C:\PWP2\OpenGL\build\Examples\TrackingData\TrackingDataServer.dir\Debug\link.write.1.tlog
C:\PWP2\OpenGL\build\Examples\TrackingData\TrackingDataServer.dir\Debug\TrackingDataServer.write.1.tlog
C:\PWP2\OpenGL\build\Examples\TrackingData\TrackingDataServer.dir\Debug\vc110.pdb
C:\PWP2\OpenGL\build\bin\Debug\TrackingDataServer.pdb
C:\PWP2\OpenGL\build\bin\Debug\TrackingDataServer.exe
C:\PWP2\OpenGL\build\bin\Debug\TrackingDataServer.ilk
