C:\PWP2\OPENGL\BUILD\EXAMPLES\POLYDATA\POLYDATACLIENT.DIR\DEBUG\POLYDATACLIENT.OBJ
C:\PWP2\OPENGL\BUILD\EXAMPLES\POLYDATA\POLYDATACLIENT.DIR\DEBUG\VC110.PDB
C:\PWP2\OPENGL\BUILD\EXAMPLES\POLYDATA\CMAKEFILES\GENERATE.STAMP
C:\PWP2\OPENGL\BUILD\BIN\DEBUG\POLYDATACLIENT.ILK
C:\PWP2\OPENGL\BUILD\BIN\DEBUG\POLYDATACLIENT.EXE
C:\PWP2\OPENGL\BUILD\BIN\DEBUG\POLYDATACLIENT.PDB
C:\PWP2\OpenGL\build\bin\Debug\PolyDataClient.lib
C:\PWP2\OpenGL\build\bin\Debug\PolyDataClient.exp
C:\PWP2\OpenGL\build\Examples\PolyData\PolyDataClient.dir\Debug\PolyDataClient.vcxprojResolveAssemblyReference.cache
C:\PWP2\OpenGL\build\Examples\PolyData\PolyDataClient.dir\Debug\PolyDataClient.obj
C:\PWP2\OpenGL\build\Examples\PolyData\PolyDataClient.dir\Debug\cl.command.1.tlog
C:\PWP2\OpenGL\build\Examples\PolyData\PolyDataClient.dir\Debug\CL.read.1.tlog
C:\PWP2\OpenGL\build\Examples\PolyData\PolyDataClient.dir\Debug\CL.write.1.tlog
C:\PWP2\OpenGL\build\Examples\PolyData\PolyDataClient.dir\Debug\custombuild.command.1.tlog
C:\PWP2\OpenGL\build\Examples\PolyData\PolyDataClient.dir\Debug\custombuild.read.1.tlog
C:\PWP2\OpenGL\build\Examples\PolyData\PolyDataClient.dir\Debug\custombuild.write.1.tlog
C:\PWP2\OpenGL\build\Examples\PolyData\PolyDataClient.dir\Debug\link-cvtres.read.1.tlog
C:\PWP2\OpenGL\build\Examples\PolyData\PolyDataClient.dir\Debug\link-cvtres.write.1.tlog
C:\PWP2\OpenGL\build\Examples\PolyData\PolyDataClient.dir\Debug\link-rc.read.1.tlog
C:\PWP2\OpenGL\build\Examples\PolyData\PolyDataClient.dir\Debug\link-rc.write.1.tlog
C:\PWP2\OpenGL\build\Examples\PolyData\PolyDataClient.dir\Debug\link.command.1.tlog
C:\PWP2\OpenGL\build\Examples\PolyData\PolyDataClient.dir\Debug\link.read.1.tlog
C:\PWP2\OpenGL\build\Examples\PolyData\PolyDataClient.dir\Debug\link.write.1.tlog
C:\PWP2\OpenGL\build\Examples\PolyData\PolyDataClient.dir\Debug\PolyDataClient.write.1.tlog
C:\PWP2\OpenGL\build\Examples\PolyData\PolyDataClient.dir\Debug\vc110.pdb
C:\PWP2\OpenGL\build\bin\Debug\PolyDataClient.pdb
C:\PWP2\OpenGL\build\bin\Debug\PolyDataClient.exe
C:\PWP2\OpenGL\build\bin\Debug\PolyDataClient.ilk
