C:\PWP2\OPENGL\BUILD\EXAMPLES\POLYDATA\POLYDATASERVER.DIR\DEBUG\POLYDATASERVER.OBJ
C:\PWP2\OPENGL\BUILD\EXAMPLES\POLYDATA\POLYDATASERVER.DIR\DEBUG\VC110.PDB
C:\PWP2\OPENGL\BUILD\EXAMPLES\POLYDATA\CMAKEFILES\GENERATE.STAMP
C:\PWP2\OPENGL\BUILD\BIN\DEBUG\POLYDATASERVER.ILK
C:\PWP2\OPENGL\BUILD\BIN\DEBUG\POLYDATASERVER.EXE
C:\PWP2\OPENGL\BUILD\BIN\DEBUG\POLYDATASERVER.PDB
C:\PWP2\OpenGL\build\bin\Debug\PolyDataServer.lib
C:\PWP2\OpenGL\build\bin\Debug\PolyDataServer.exp
C:\PWP2\OpenGL\build\Examples\PolyData\PolyDataServer.dir\Debug\PolyDataServer.vcxprojResolveAssemblyReference.cache
C:\PWP2\OpenGL\build\Examples\PolyData\PolyDataServer.dir\Debug\PolyDataServer.obj
C:\PWP2\OpenGL\build\Examples\PolyData\PolyDataServer.dir\Debug\cl.command.1.tlog
C:\PWP2\OpenGL\build\Examples\PolyData\PolyDataServer.dir\Debug\CL.read.1.tlog
C:\PWP2\OpenGL\build\Examples\PolyData\PolyDataServer.dir\Debug\CL.write.1.tlog
C:\PWP2\OpenGL\build\Examples\PolyData\PolyDataServer.dir\Debug\custombuild.command.1.tlog
C:\PWP2\OpenGL\build\Examples\PolyData\PolyDataServer.dir\Debug\custombuild.read.1.tlog
C:\PWP2\OpenGL\build\Examples\PolyData\PolyDataServer.dir\Debug\custombuild.write.1.tlog
C:\PWP2\OpenGL\build\Examples\PolyData\PolyDataServer.dir\Debug\link-cvtres.read.1.tlog
C:\PWP2\OpenGL\build\Examples\PolyData\PolyDataServer.dir\Debug\link-cvtres.write.1.tlog
C:\PWP2\OpenGL\build\Examples\PolyData\PolyDataServer.dir\Debug\link-rc.read.1.tlog
C:\PWP2\OpenGL\build\Examples\PolyData\PolyDataServer.dir\Debug\link-rc.write.1.tlog
C:\PWP2\OpenGL\build\Examples\PolyData\PolyDataServer.dir\Debug\link.command.1.tlog
C:\PWP2\OpenGL\build\Examples\PolyData\PolyDataServer.dir\Debug\link.read.1.tlog
C:\PWP2\OpenGL\build\Examples\PolyData\PolyDataServer.dir\Debug\link.write.1.tlog
C:\PWP2\OpenGL\build\Examples\PolyData\PolyDataServer.dir\Debug\PolyDataServer.write.1.tlog
C:\PWP2\OpenGL\build\Examples\PolyData\PolyDataServer.dir\Debug\vc110.pdb
C:\PWP2\OpenGL\build\bin\Debug\PolyDataServer.pdb
C:\PWP2\OpenGL\build\bin\Debug\PolyDataServer.exe
C:\PWP2\OpenGL\build\bin\Debug\PolyDataServer.ilk
