C:\PWP2\OPENGL\BUILD\EXAMPLES\TRACKER\TRACKERCLIENT.DIR\DEBUG\TRACKERCLIENT.OBJ
C:\PWP2\OPENGL\BUILD\EXAMPLES\TRACKER\TRACKERCLIENT.DIR\DEBUG\VC110.PDB
C:\PWP2\OPENGL\BUILD\EXAMPLES\TRACKER\CMAKEFILES\GENERATE.STAMP
C:\PWP2\OPENGL\BUILD\BIN\DEBUG\TRACKERCLIENT.ILK
C:\PWP2\OPENGL\BUILD\BIN\DEBUG\TRACKERCLIENT.EXE
C:\PWP2\OPENGL\BUILD\BIN\DEBUG\TRACKERCLIENT.PDB
C:\PWP2\OpenGL\build\bin\Debug\TrackerClient.lib
C:\PWP2\OpenGL\build\bin\Debug\TrackerClient.exp
C:\PWP2\OpenGL\build\Examples\Tracker\TrackerClient.dir\Debug\TrackerClient.vcxprojResolveAssemblyReference.cache
C:\PWP2\OpenGL\build\Examples\Tracker\TrackerClient.dir\Debug\TrackerClient.obj
C:\PWP2\OpenGL\build\Examples\Tracker\TrackerClient.dir\Debug\cl.command.1.tlog
C:\PWP2\OpenGL\build\Examples\Tracker\TrackerClient.dir\Debug\CL.read.1.tlog
C:\PWP2\OpenGL\build\Examples\Tracker\TrackerClient.dir\Debug\CL.write.1.tlog
C:\PWP2\OpenGL\build\Examples\Tracker\TrackerClient.dir\Debug\custombuild.command.1.tlog
C:\PWP2\OpenGL\build\Examples\Tracker\TrackerClient.dir\Debug\custombuild.read.1.tlog
C:\PWP2\OpenGL\build\Examples\Tracker\TrackerClient.dir\Debug\custombuild.write.1.tlog
C:\PWP2\OpenGL\build\Examples\Tracker\TrackerClient.dir\Debug\link-cvtres.read.1.tlog
C:\PWP2\OpenGL\build\Examples\Tracker\TrackerClient.dir\Debug\link-cvtres.write.1.tlog
C:\PWP2\OpenGL\build\Examples\Tracker\TrackerClient.dir\Debug\link-rc.read.1.tlog
C:\PWP2\OpenGL\build\Examples\Tracker\TrackerClient.dir\Debug\link-rc.write.1.tlog
C:\PWP2\OpenGL\build\Examples\Tracker\TrackerClient.dir\Debug\link.command.1.tlog
C:\PWP2\OpenGL\build\Examples\Tracker\TrackerClient.dir\Debug\link.read.1.tlog
C:\PWP2\OpenGL\build\Examples\Tracker\TrackerClient.dir\Debug\link.write.1.tlog
C:\PWP2\OpenGL\build\Examples\Tracker\TrackerClient.dir\Debug\TrackerClient.write.1.tlog
C:\PWP2\OpenGL\build\Examples\Tracker\TrackerClient.dir\Debug\vc110.pdb
C:\PWP2\OpenGL\build\bin\Debug\TrackerClient.pdb
C:\PWP2\OpenGL\build\bin\Debug\TrackerClient.exe
C:\PWP2\OpenGL\build\bin\Debug\TrackerClient.ilk
