C:\PWP2\OPENGL\BUILD\EXAMPLES\THREAD\MULTIPLEMETHODEXECUTE.DIR\DEBUG\MULTIPLEMETHODEXECUTE.OBJ
C:\PWP2\OPENGL\BUILD\EXAMPLES\THREAD\MULTIPLEMETHODEXECUTE.DIR\DEBUG\VC110.PDB
C:\PWP2\OPENGL\BUILD\EXAMPLES\THREAD\CMAKEFILES\GENERATE.STAMP
C:\PWP2\OPENGL\BUILD\BIN\DEBUG\MULTIPLEMETHODEXECUTE.ILK
C:\PWP2\OPENGL\BUILD\BIN\DEBUG\MULTIPLEMETHODEXECUTE.EXE
C:\PWP2\OPENGL\BUILD\BIN\DEBUG\MULTIPLEMETHODEXECUTE.PDB
C:\PWP2\OpenGL\build\bin\Debug\MultipleMethodExecute.lib
C:\PWP2\OpenGL\build\bin\Debug\MultipleMethodExecute.exp
C:\PWP2\OpenGL\build\Examples\Thread\MultipleMethodExecute.dir\Debug\MultipleMethodExecute.vcxprojResolveAssemblyReference.cache
C:\PWP2\OpenGL\build\Examples\Thread\MultipleMethodExecute.dir\Debug\MultipleMethodExecute.obj
C:\PWP2\OpenGL\build\Examples\Thread\MultipleMethodExecute.dir\Debug\cl.command.1.tlog
C:\PWP2\OpenGL\build\Examples\Thread\MultipleMethodExecute.dir\Debug\CL.read.1.tlog
C:\PWP2\OpenGL\build\Examples\Thread\MultipleMethodExecute.dir\Debug\CL.write.1.tlog
C:\PWP2\OpenGL\build\Examples\Thread\MultipleMethodExecute.dir\Debug\custombuild.command.1.tlog
C:\PWP2\OpenGL\build\Examples\Thread\MultipleMethodExecute.dir\Debug\custombuild.read.1.tlog
C:\PWP2\OpenGL\build\Examples\Thread\MultipleMethodExecute.dir\Debug\custombuild.write.1.tlog
C:\PWP2\OpenGL\build\Examples\Thread\MultipleMethodExecute.dir\Debug\link-cvtres.read.1.tlog
C:\PWP2\OpenGL\build\Examples\Thread\MultipleMethodExecute.dir\Debug\link-cvtres.write.1.tlog
C:\PWP2\OpenGL\build\Examples\Thread\MultipleMethodExecute.dir\Debug\link-rc.read.1.tlog
C:\PWP2\OpenGL\build\Examples\Thread\MultipleMethodExecute.dir\Debug\link-rc.write.1.tlog
C:\PWP2\OpenGL\build\Examples\Thread\MultipleMethodExecute.dir\Debug\link.command.1.tlog
C:\PWP2\OpenGL\build\Examples\Thread\MultipleMethodExecute.dir\Debug\link.read.1.tlog
C:\PWP2\OpenGL\build\Examples\Thread\MultipleMethodExecute.dir\Debug\link.write.1.tlog
C:\PWP2\OpenGL\build\Examples\Thread\MultipleMethodExecute.dir\Debug\MultipleMethodExecute.write.1.tlog
C:\PWP2\OpenGL\build\Examples\Thread\MultipleMethodExecute.dir\Debug\vc110.pdb
C:\PWP2\OpenGL\build\bin\Debug\MultipleMethodExecute.pdb
C:\PWP2\OpenGL\build\bin\Debug\MultipleMethodExecute.exe
C:\PWP2\OpenGL\build\bin\Debug\MultipleMethodExecute.ilk
