C:\PWP2\OPENGL\BUILD\EXAMPLES\QUATERNIONTRACKINGDATA\QUATERNIONTRACKINGDATASERVER.DIR\DEBUG\QUATERNIONTRACKINGDATASERVER.OBJ
C:\PWP2\OPENGL\BUILD\EXAMPLES\QUATERNIONTRACKINGDATA\QUATERNIONTRACKINGDATASERVER.DIR\DEBUG\VC110.PDB
C:\PWP2\OPENGL\BUILD\EXAMPLES\QUATERNIONTRACKINGDATA\CMAKEFILES\GENERATE.STAMP
C:\PWP2\OPENGL\BUILD\BIN\DEBUG\QUATERNIONTRACKINGDATASERVER.ILK
C:\PWP2\OPENGL\BUILD\BIN\DEBUG\QUATERNIONTRACKINGDATASERVER.EXE
C:\PWP2\OPENGL\BUILD\BIN\DEBUG\QUATERNIONTRACKINGDATASERVER.PDB
C:\PWP2\OpenGL\build\bin\Debug\QuaternionTrackingDataServer.lib
C:\PWP2\OpenGL\build\bin\Debug\QuaternionTrackingDataServer.exp
C:\PWP2\OpenGL\build\Examples\QuaternionTrackingData\QuaternionTrackingDataServer.dir\Debug\QuaternionTrackingDataServer.vcxprojResolveAssemblyReference.cache
C:\PWP2\OpenGL\build\Examples\QuaternionTrackingData\QuaternionTrackingDataServer.dir\Debug\QuaternionTrackingDataServer.obj
C:\PWP2\OpenGL\build\Examples\QuaternionTrackingData\QuaternionTrackingDataServer.dir\Debug\cl.command.1.tlog
C:\PWP2\OpenGL\build\Examples\QuaternionTrackingData\QuaternionTrackingDataServer.dir\Debug\CL.read.1.tlog
C:\PWP2\OpenGL\build\Examples\QuaternionTrackingData\QuaternionTrackingDataServer.dir\Debug\CL.write.1.tlog
C:\PWP2\OpenGL\build\Examples\QuaternionTrackingData\QuaternionTrackingDataServer.dir\Debug\custombuild.command.1.tlog
C:\PWP2\OpenGL\build\Examples\QuaternionTrackingData\QuaternionTrackingDataServer.dir\Debug\custombuild.read.1.tlog
C:\PWP2\OpenGL\build\Examples\QuaternionTrackingData\QuaternionTrackingDataServer.dir\Debug\custombuild.write.1.tlog
C:\PWP2\OpenGL\build\Examples\QuaternionTrackingData\QuaternionTrackingDataServer.dir\Debug\link-cvtres.read.1.tlog
C:\PWP2\OpenGL\build\Examples\QuaternionTrackingData\QuaternionTrackingDataServer.dir\Debug\link-cvtres.write.1.tlog
C:\PWP2\OpenGL\build\Examples\QuaternionTrackingData\QuaternionTrackingDataServer.dir\Debug\link-rc.read.1.tlog
C:\PWP2\OpenGL\build\Examples\QuaternionTrackingData\QuaternionTrackingDataServer.dir\Debug\link-rc.write.1.tlog
C:\PWP2\OpenGL\build\Examples\QuaternionTrackingData\QuaternionTrackingDataServer.dir\Debug\link.command.1.tlog
C:\PWP2\OpenGL\build\Examples\QuaternionTrackingData\QuaternionTrackingDataServer.dir\Debug\link.read.1.tlog
C:\PWP2\OpenGL\build\Examples\QuaternionTrackingData\QuaternionTrackingDataServer.dir\Debug\link.write.1.tlog
C:\PWP2\OpenGL\build\Examples\QuaternionTrackingData\QuaternionTrackingDataServer.dir\Debug\QuaternionTrackingDataServer.write.1.tlog
C:\PWP2\OpenGL\build\Examples\QuaternionTrackingData\QuaternionTrackingDataServer.dir\Debug\vc110.pdb
C:\PWP2\OpenGL\build\bin\Debug\QuaternionTrackingDataServer.pdb
C:\PWP2\OpenGL\build\bin\Debug\QuaternionTrackingDataServer.exe
C:\PWP2\OpenGL\build\bin\Debug\QuaternionTrackingDataServer.ilk
