C:\PWP2\OPENGL\BUILD\EXAMPLES\IMAGER\IMAGERCLIENT2.DIR\DEBUG\IMAGERCLIENT2.OBJ
C:\PWP2\OPENGL\BUILD\EXAMPLES\IMAGER\IMAGERCLIENT2.DIR\DEBUG\VC110.PDB
C:\PWP2\OPENGL\BUILD\EXAMPLES\IMAGER\CMAKEFILES\GENERATE.STAMP
C:\PWP2\OpenGL\build\bin\Debug\ImagerClient2.lib
C:\PWP2\OpenGL\build\bin\Debug\ImagerClient2.exp
C:\PWP2\OPENGL\BUILD\BIN\DEBUG\IMAGERCLIENT2.ILK
C:\PWP2\OPENGL\BUILD\BIN\DEBUG\IMAGERCLIENT2.EXE
C:\PWP2\OPENGL\BUILD\BIN\DEBUG\IMAGERCLIENT2.PDB
C:\PWP2\OpenGL\build\Examples\Imager\ImagerClient2.dir\Debug\ImagerClient2.vcxprojResolveAssemblyReference.cache
C:\PWP2\OpenGL\build\Examples\Imager\ImagerClient2.dir\Debug\ImagerClient2.obj
C:\PWP2\OpenGL\build\Examples\Imager\ImagerClient2.dir\Debug\cl.command.1.tlog
C:\PWP2\OpenGL\build\Examples\Imager\ImagerClient2.dir\Debug\CL.read.1.tlog
C:\PWP2\OpenGL\build\Examples\Imager\ImagerClient2.dir\Debug\CL.write.1.tlog
C:\PWP2\OpenGL\build\Examples\Imager\ImagerClient2.dir\Debug\custombuild.command.1.tlog
C:\PWP2\OpenGL\build\Examples\Imager\ImagerClient2.dir\Debug\custombuild.read.1.tlog
C:\PWP2\OpenGL\build\Examples\Imager\ImagerClient2.dir\Debug\custombuild.write.1.tlog
C:\PWP2\OpenGL\build\Examples\Imager\ImagerClient2.dir\Debug\ImagerClient2.write.1.tlog
C:\PWP2\OpenGL\build\Examples\Imager\ImagerClient2.dir\Debug\link-cvtres.read.1.tlog
C:\PWP2\OpenGL\build\Examples\Imager\ImagerClient2.dir\Debug\link-cvtres.write.1.tlog
C:\PWP2\OpenGL\build\Examples\Imager\ImagerClient2.dir\Debug\link-rc.read.1.tlog
C:\PWP2\OpenGL\build\Examples\Imager\ImagerClient2.dir\Debug\link-rc.write.1.tlog
C:\PWP2\OpenGL\build\Examples\Imager\ImagerClient2.dir\Debug\link.command.1.tlog
C:\PWP2\OpenGL\build\Examples\Imager\ImagerClient2.dir\Debug\link.read.1.tlog
C:\PWP2\OpenGL\build\Examples\Imager\ImagerClient2.dir\Debug\link.write.1.tlog
C:\PWP2\OpenGL\build\Examples\Imager\ImagerClient2.dir\Debug\vc110.pdb
C:\PWP2\OpenGL\build\bin\Debug\ImagerClient2.pdb
C:\PWP2\OpenGL\build\bin\Debug\ImagerClient2.exe
C:\PWP2\OpenGL\build\bin\Debug\ImagerClient2.ilk
