C:\PWP2\OPENGL\BUILD\EXAMPLES\THREAD\SINGLEMETHODEXECUTE.DIR\DEBUG\SINGLEMETHODEXECUTE.OBJ
C:\PWP2\OPENGL\BUILD\EXAMPLES\THREAD\SINGLEMETHODEXECUTE.DIR\DEBUG\VC110.PDB
C:\PWP2\OPENGL\BUILD\EXAMPLES\THREAD\CMAKEFILES\GENERATE.STAMP
C:\PWP2\OPENGL\BUILD\BIN\DEBUG\SINGLEMETHODEXECUTE.ILK
C:\PWP2\OPENGL\BUILD\BIN\DEBUG\SINGLEMETHODEXECUTE.EXE
C:\PWP2\OPENGL\BUILD\BIN\DEBUG\SINGLEMETHODEXECUTE.PDB
C:\PWP2\OpenGL\build\bin\Debug\SingleMethodExecute.lib
C:\PWP2\OpenGL\build\bin\Debug\SingleMethodExecute.exp
C:\PWP2\OpenGL\build\Examples\Thread\SingleMethodExecute.dir\Debug\SingleMethodExecute.vcxprojResolveAssemblyReference.cache
C:\PWP2\OpenGL\build\Examples\Thread\SingleMethodExecute.dir\Debug\SingleMethodExecute.obj
C:\PWP2\OpenGL\build\Examples\Thread\SingleMethodExecute.dir\Debug\cl.command.1.tlog
C:\PWP2\OpenGL\build\Examples\Thread\SingleMethodExecute.dir\Debug\CL.read.1.tlog
C:\PWP2\OpenGL\build\Examples\Thread\SingleMethodExecute.dir\Debug\CL.write.1.tlog
C:\PWP2\OpenGL\build\Examples\Thread\SingleMethodExecute.dir\Debug\custombuild.command.1.tlog
C:\PWP2\OpenGL\build\Examples\Thread\SingleMethodExecute.dir\Debug\custombuild.read.1.tlog
C:\PWP2\OpenGL\build\Examples\Thread\SingleMethodExecute.dir\Debug\custombuild.write.1.tlog
C:\PWP2\OpenGL\build\Examples\Thread\SingleMethodExecute.dir\Debug\link-cvtres.read.1.tlog
C:\PWP2\OpenGL\build\Examples\Thread\SingleMethodExecute.dir\Debug\link-cvtres.write.1.tlog
C:\PWP2\OpenGL\build\Examples\Thread\SingleMethodExecute.dir\Debug\link-rc.read.1.tlog
C:\PWP2\OpenGL\build\Examples\Thread\SingleMethodExecute.dir\Debug\link-rc.write.1.tlog
C:\PWP2\OpenGL\build\Examples\Thread\SingleMethodExecute.dir\Debug\link.command.1.tlog
C:\PWP2\OpenGL\build\Examples\Thread\SingleMethodExecute.dir\Debug\link.read.1.tlog
C:\PWP2\OpenGL\build\Examples\Thread\SingleMethodExecute.dir\Debug\link.write.1.tlog
C:\PWP2\OpenGL\build\Examples\Thread\SingleMethodExecute.dir\Debug\SingleMethodExecute.write.1.tlog
C:\PWP2\OpenGL\build\Examples\Thread\SingleMethodExecute.dir\Debug\vc110.pdb
C:\PWP2\OpenGL\build\bin\Debug\SingleMethodExecute.pdb
C:\PWP2\OpenGL\build\bin\Debug\SingleMethodExecute.exe
C:\PWP2\OpenGL\build\bin\Debug\SingleMethodExecute.ilk
