C:\PWP2\OPENGL\BUILD\EXAMPLES\TRACKER\TRACKERSERVER.DIR\DEBUG\TRACKERSERVER.OBJ
C:\PWP2\OPENGL\BUILD\EXAMPLES\TRACKER\TRACKERSERVER.DIR\DEBUG\VC110.PDB
C:\PWP2\OPENGL\BUILD\EXAMPLES\TRACKER\CMAKEFILES\GENERATE.STAMP
C:\PWP2\OPENGL\BUILD\BIN\DEBUG\TRACKERSERVER.ILK
C:\PWP2\OPENGL\BUILD\BIN\DEBUG\TRACKERSERVER.EXE
C:\PWP2\OPENGL\BUILD\BIN\DEBUG\TRACKERSERVER.PDB
C:\PWP2\OpenGL\build\bin\Debug\TrackerServer.lib
C:\PWP2\OpenGL\build\bin\Debug\TrackerServer.exp
C:\PWP2\OpenGL\build\Examples\Tracker\TrackerServer.dir\Debug\TrackerServer.vcxprojResolveAssemblyReference.cache
C:\PWP2\OpenGL\build\Examples\Tracker\TrackerServer.dir\Debug\TrackerServer.obj
C:\PWP2\OpenGL\build\Examples\Tracker\TrackerServer.dir\Debug\cl.command.1.tlog
C:\PWP2\OpenGL\build\Examples\Tracker\TrackerServer.dir\Debug\CL.read.1.tlog
C:\PWP2\OpenGL\build\Examples\Tracker\TrackerServer.dir\Debug\CL.write.1.tlog
C:\PWP2\OpenGL\build\Examples\Tracker\TrackerServer.dir\Debug\custombuild.command.1.tlog
C:\PWP2\OpenGL\build\Examples\Tracker\TrackerServer.dir\Debug\custombuild.read.1.tlog
C:\PWP2\OpenGL\build\Examples\Tracker\TrackerServer.dir\Debug\custombuild.write.1.tlog
C:\PWP2\OpenGL\build\Examples\Tracker\TrackerServer.dir\Debug\link-cvtres.read.1.tlog
C:\PWP2\OpenGL\build\Examples\Tracker\TrackerServer.dir\Debug\link-cvtres.write.1.tlog
C:\PWP2\OpenGL\build\Examples\Tracker\TrackerServer.dir\Debug\link-rc.read.1.tlog
C:\PWP2\OpenGL\build\Examples\Tracker\TrackerServer.dir\Debug\link-rc.write.1.tlog
C:\PWP2\OpenGL\build\Examples\Tracker\TrackerServer.dir\Debug\link.command.1.tlog
C:\PWP2\OpenGL\build\Examples\Tracker\TrackerServer.dir\Debug\link.read.1.tlog
C:\PWP2\OpenGL\build\Examples\Tracker\TrackerServer.dir\Debug\link.write.1.tlog
C:\PWP2\OpenGL\build\Examples\Tracker\TrackerServer.dir\Debug\TrackerServer.write.1.tlog
C:\PWP2\OpenGL\build\Examples\Tracker\TrackerServer.dir\Debug\vc110.pdb
C:\PWP2\OpenGL\build\bin\Debug\TrackerServer.pdb
C:\PWP2\OpenGL\build\bin\Debug\TrackerServer.exe
C:\PWP2\OpenGL\build\bin\Debug\TrackerServer.ilk
