C:\PWP2\OPENGL\BUILD\EXAMPLES\POINT\POINTLISTSERVER.DIR\DEBUG\POINTLISTSERVER.OBJ
C:\PWP2\OPENGL\BUILD\EXAMPLES\POINT\POINTLISTSERVER.DIR\DEBUG\VC110.PDB
C:\PWP2\OPENGL\BUILD\EXAMPLES\POINT\CMAKEFILES\GENERATE.STAMP
C:\PWP2\OPENGL\BUILD\BIN\DEBUG\POINTLISTSERVER.ILK
C:\PWP2\OPENGL\BUILD\BIN\DEBUG\POINTLISTSERVER.EXE
C:\PWP2\OPENGL\BUILD\BIN\DEBUG\POINTLISTSERVER.PDB
C:\PWP2\OpenGL\build\bin\Debug\PointListServer.lib
C:\PWP2\OpenGL\build\bin\Debug\PointListServer.exp
C:\PWP2\OpenGL\build\Examples\Point\PointListServer.dir\Debug\PointListServer.vcxprojResolveAssemblyReference.cache
C:\PWP2\OpenGL\build\Examples\Point\PointListServer.dir\Debug\PointListServer.obj
C:\PWP2\OpenGL\build\Examples\Point\PointListServer.dir\Debug\cl.command.1.tlog
C:\PWP2\OpenGL\build\Examples\Point\PointListServer.dir\Debug\CL.read.1.tlog
C:\PWP2\OpenGL\build\Examples\Point\PointListServer.dir\Debug\CL.write.1.tlog
C:\PWP2\OpenGL\build\Examples\Point\PointListServer.dir\Debug\custombuild.command.1.tlog
C:\PWP2\OpenGL\build\Examples\Point\PointListServer.dir\Debug\custombuild.read.1.tlog
C:\PWP2\OpenGL\build\Examples\Point\PointListServer.dir\Debug\custombuild.write.1.tlog
C:\PWP2\OpenGL\build\Examples\Point\PointListServer.dir\Debug\link-cvtres.read.1.tlog
C:\PWP2\OpenGL\build\Examples\Point\PointListServer.dir\Debug\link-cvtres.write.1.tlog
C:\PWP2\OpenGL\build\Examples\Point\PointListServer.dir\Debug\link-rc.read.1.tlog
C:\PWP2\OpenGL\build\Examples\Point\PointListServer.dir\Debug\link-rc.write.1.tlog
C:\PWP2\OpenGL\build\Examples\Point\PointListServer.dir\Debug\link.command.1.tlog
C:\PWP2\OpenGL\build\Examples\Point\PointListServer.dir\Debug\link.read.1.tlog
C:\PWP2\OpenGL\build\Examples\Point\PointListServer.dir\Debug\link.write.1.tlog
C:\PWP2\OpenGL\build\Examples\Point\PointListServer.dir\Debug\PointListServer.write.1.tlog
C:\PWP2\OpenGL\build\Examples\Point\PointListServer.dir\Debug\vc110.pdb
C:\PWP2\OpenGL\build\bin\Debug\PointListServer.pdb
C:\PWP2\OpenGL\build\bin\Debug\PointListServer.exe
C:\PWP2\OpenGL\build\bin\Debug\PointListServer.ilk
