C:\PWP2\OPENGL\BUILD\EXAMPLES\POINT\POINTSERVER.DIR\DEBUG\POINTSERVER.OBJ
C:\PWP2\OPENGL\BUILD\EXAMPLES\POINT\POINTSERVER.DIR\DEBUG\VC110.PDB
C:\PWP2\OPENGL\BUILD\EXAMPLES\POINT\CMAKEFILES\GENERATE.STAMP
C:\PWP2\OPENGL\BUILD\BIN\DEBUG\POINTSERVER.ILK
C:\PWP2\OPENGL\BUILD\BIN\DEBUG\POINTSERVER.EXE
C:\PWP2\OPENGL\BUILD\BIN\DEBUG\POINTSERVER.PDB
C:\PWP2\OpenGL\build\bin\Debug\PointServer.lib
C:\PWP2\OpenGL\build\bin\Debug\PointServer.exp
C:\PWP2\OpenGL\build\Examples\Point\PointServer.dir\Debug\PointServer.vcxprojResolveAssemblyReference.cache
C:\PWP2\OpenGL\build\Examples\Point\PointServer.dir\Debug\PointServer.obj
C:\PWP2\OpenGL\build\Examples\Point\PointServer.dir\Debug\cl.command.1.tlog
C:\PWP2\OpenGL\build\Examples\Point\PointServer.dir\Debug\CL.read.1.tlog
C:\PWP2\OpenGL\build\Examples\Point\PointServer.dir\Debug\CL.write.1.tlog
C:\PWP2\OpenGL\build\Examples\Point\PointServer.dir\Debug\custombuild.command.1.tlog
C:\PWP2\OpenGL\build\Examples\Point\PointServer.dir\Debug\custombuild.read.1.tlog
C:\PWP2\OpenGL\build\Examples\Point\PointServer.dir\Debug\custombuild.write.1.tlog
C:\PWP2\OpenGL\build\Examples\Point\PointServer.dir\Debug\link-cvtres.read.1.tlog
C:\PWP2\OpenGL\build\Examples\Point\PointServer.dir\Debug\link-cvtres.write.1.tlog
C:\PWP2\OpenGL\build\Examples\Point\PointServer.dir\Debug\link-rc.read.1.tlog
C:\PWP2\OpenGL\build\Examples\Point\PointServer.dir\Debug\link-rc.write.1.tlog
C:\PWP2\OpenGL\build\Examples\Point\PointServer.dir\Debug\link.command.1.tlog
C:\PWP2\OpenGL\build\Examples\Point\PointServer.dir\Debug\link.read.1.tlog
C:\PWP2\OpenGL\build\Examples\Point\PointServer.dir\Debug\link.write.1.tlog
C:\PWP2\OpenGL\build\Examples\Point\PointServer.dir\Debug\PointServer.write.1.tlog
C:\PWP2\OpenGL\build\Examples\Point\PointServer.dir\Debug\vc110.pdb
C:\PWP2\OpenGL\build\bin\Debug\PointServer.pdb
C:\PWP2\OpenGL\build\bin\Debug\PointServer.exe
C:\PWP2\OpenGL\build\bin\Debug\PointServer.ilk
