C:\PWP2\OPENGL\BUILD\EXAMPLES\IMAGEMETA\LABELMETACLIENT.DIR\DEBUG\LABELMETACLIENT.OBJ
C:\PWP2\OPENGL\BUILD\EXAMPLES\IMAGEMETA\LABELMETACLIENT.DIR\DEBUG\VC110.PDB
C:\PWP2\OPENGL\BUILD\EXAMPLES\IMAGEMETA\CMAKEFILES\GENERATE.STAMP
C:\PWP2\OpenGL\build\bin\Debug\LabelMetaClient.lib
C:\PWP2\OpenGL\build\bin\Debug\LabelMetaClient.exp
C:\PWP2\OPENGL\BUILD\BIN\DEBUG\LABELMETACLIENT.ILK
C:\PWP2\OPENGL\BUILD\BIN\DEBUG\LABELMETACLIENT.EXE
C:\PWP2\OPENGL\BUILD\BIN\DEBUG\LABELMETACLIENT.PDB
C:\PWP2\OpenGL\build\Examples\ImageMeta\LabelMetaClient.dir\Debug\LabelMetaClient.vcxprojResolveAssemblyReference.cache
C:\PWP2\OpenGL\build\Examples\ImageMeta\LabelMetaClient.dir\Debug\LabelMetaClient.obj
C:\PWP2\OpenGL\build\Examples\ImageMeta\LabelMetaClient.dir\Debug\cl.command.1.tlog
C:\PWP2\OpenGL\build\Examples\ImageMeta\LabelMetaClient.dir\Debug\CL.read.1.tlog
C:\PWP2\OpenGL\build\Examples\ImageMeta\LabelMetaClient.dir\Debug\CL.write.1.tlog
C:\PWP2\OpenGL\build\Examples\ImageMeta\LabelMetaClient.dir\Debug\custombuild.command.1.tlog
C:\PWP2\OpenGL\build\Examples\ImageMeta\LabelMetaClient.dir\Debug\custombuild.read.1.tlog
C:\PWP2\OpenGL\build\Examples\ImageMeta\LabelMetaClient.dir\Debug\custombuild.write.1.tlog
C:\PWP2\OpenGL\build\Examples\ImageMeta\LabelMetaClient.dir\Debug\LabelMetaClient.write.1.tlog
C:\PWP2\OpenGL\build\Examples\ImageMeta\LabelMetaClient.dir\Debug\link-cvtres.read.1.tlog
C:\PWP2\OpenGL\build\Examples\ImageMeta\LabelMetaClient.dir\Debug\link-cvtres.write.1.tlog
C:\PWP2\OpenGL\build\Examples\ImageMeta\LabelMetaClient.dir\Debug\link-rc.read.1.tlog
C:\PWP2\OpenGL\build\Examples\ImageMeta\LabelMetaClient.dir\Debug\link-rc.write.1.tlog
C:\PWP2\OpenGL\build\Examples\ImageMeta\LabelMetaClient.dir\Debug\link.command.1.tlog
C:\PWP2\OpenGL\build\Examples\ImageMeta\LabelMetaClient.dir\Debug\link.read.1.tlog
C:\PWP2\OpenGL\build\Examples\ImageMeta\LabelMetaClient.dir\Debug\link.write.1.tlog
C:\PWP2\OpenGL\build\Examples\ImageMeta\LabelMetaClient.dir\Debug\vc110.pdb
C:\PWP2\OpenGL\build\bin\Debug\LabelMetaClient.pdb
C:\PWP2\OpenGL\build\bin\Debug\LabelMetaClient.exe
C:\PWP2\OpenGL\build\bin\Debug\LabelMetaClient.ilk
