C:\PWP2\OPENGL\BUILD\EXAMPLES\STRING\STRINGCLIENT.DIR\DEBUG\STRINGCLIENT.OBJ
C:\PWP2\OPENGL\BUILD\EXAMPLES\STRING\STRINGCLIENT.DIR\DEBUG\VC110.PDB
C:\PWP2\OPENGL\BUILD\EXAMPLES\STRING\CMAKEFILES\GENERATE.STAMP
C:\PWP2\OPENGL\BUILD\BIN\DEBUG\STRINGCLIENT.ILK
C:\PWP2\OPENGL\BUILD\BIN\DEBUG\STRINGCLIENT.EXE
C:\PWP2\OPENGL\BUILD\BIN\DEBUG\STRINGCLIENT.PDB
C:\PWP2\OpenGL\build\bin\Debug\StringClient.lib
C:\PWP2\OpenGL\build\bin\Debug\StringClient.exp
C:\PWP2\OpenGL\build\Examples\String\StringClient.dir\Debug\StringClient.vcxprojResolveAssemblyReference.cache
C:\PWP2\OpenGL\build\Examples\String\StringClient.dir\Debug\StringClient.obj
C:\PWP2\OpenGL\build\Examples\String\StringClient.dir\Debug\cl.command.1.tlog
C:\PWP2\OpenGL\build\Examples\String\StringClient.dir\Debug\CL.read.1.tlog
C:\PWP2\OpenGL\build\Examples\String\StringClient.dir\Debug\CL.write.1.tlog
C:\PWP2\OpenGL\build\Examples\String\StringClient.dir\Debug\custombuild.command.1.tlog
C:\PWP2\OpenGL\build\Examples\String\StringClient.dir\Debug\custombuild.read.1.tlog
C:\PWP2\OpenGL\build\Examples\String\StringClient.dir\Debug\custombuild.write.1.tlog
C:\PWP2\OpenGL\build\Examples\String\StringClient.dir\Debug\link-cvtres.read.1.tlog
C:\PWP2\OpenGL\build\Examples\String\StringClient.dir\Debug\link-cvtres.write.1.tlog
C:\PWP2\OpenGL\build\Examples\String\StringClient.dir\Debug\link-rc.read.1.tlog
C:\PWP2\OpenGL\build\Examples\String\StringClient.dir\Debug\link-rc.write.1.tlog
C:\PWP2\OpenGL\build\Examples\String\StringClient.dir\Debug\link.command.1.tlog
C:\PWP2\OpenGL\build\Examples\String\StringClient.dir\Debug\link.read.1.tlog
C:\PWP2\OpenGL\build\Examples\String\StringClient.dir\Debug\link.write.1.tlog
C:\PWP2\OpenGL\build\Examples\String\StringClient.dir\Debug\StringClient.write.1.tlog
C:\PWP2\OpenGL\build\Examples\String\StringClient.dir\Debug\vc110.pdb
C:\PWP2\OpenGL\build\bin\Debug\StringClient.pdb
C:\PWP2\OpenGL\build\bin\Debug\StringClient.exe
C:\PWP2\OpenGL\build\bin\Debug\StringClient.ilk
