C:\PWP2\OPENGL\BUILD\EXAMPLES\POINT\POINTSERVER3.DIR\DEBUG\POINTSERVER3.OBJ
C:\PWP2\OPENGL\BUILD\EXAMPLES\POINT\POINTSERVER3.DIR\DEBUG\VC110.PDB
C:\PWP2\OPENGL\BUILD\EXAMPLES\POINT\CMAKEFILES\GENERATE.STAMP
C:\PWP2\OPENGL\BUILD\BIN\DEBUG\POINTSERVER3.ILK
C:\PWP2\OPENGL\BUILD\BIN\DEBUG\POINTSERVER3.EXE
C:\PWP2\OPENGL\BUILD\BIN\DEBUG\POINTSERVER3.PDB
C:\PWP2\OpenGL\build\bin\Debug\PointServer3.lib
C:\PWP2\OpenGL\build\bin\Debug\PointServer3.exp
C:\PWP2\OpenGL\build\Examples\Point\PointServer3.dir\Debug\PointServer3.vcxprojResolveAssemblyReference.cache
C:\PWP2\OpenGL\build\Examples\Point\PointServer3.dir\Debug\PointServer3.obj
C:\PWP2\OpenGL\build\Examples\Point\PointServer3.dir\Debug\cl.command.1.tlog
C:\PWP2\OpenGL\build\Examples\Point\PointServer3.dir\Debug\CL.read.1.tlog
C:\PWP2\OpenGL\build\Examples\Point\PointServer3.dir\Debug\CL.write.1.tlog
C:\PWP2\OpenGL\build\Examples\Point\PointServer3.dir\Debug\custombuild.command.1.tlog
C:\PWP2\OpenGL\build\Examples\Point\PointServer3.dir\Debug\custombuild.read.1.tlog
C:\PWP2\OpenGL\build\Examples\Point\PointServer3.dir\Debug\custombuild.write.1.tlog
C:\PWP2\OpenGL\build\Examples\Point\PointServer3.dir\Debug\link-cvtres.read.1.tlog
C:\PWP2\OpenGL\build\Examples\Point\PointServer3.dir\Debug\link-cvtres.write.1.tlog
C:\PWP2\OpenGL\build\Examples\Point\PointServer3.dir\Debug\link-rc.read.1.tlog
C:\PWP2\OpenGL\build\Examples\Point\PointServer3.dir\Debug\link-rc.write.1.tlog
C:\PWP2\OpenGL\build\Examples\Point\PointServer3.dir\Debug\link.command.1.tlog
C:\PWP2\OpenGL\build\Examples\Point\PointServer3.dir\Debug\link.read.1.tlog
C:\PWP2\OpenGL\build\Examples\Point\PointServer3.dir\Debug\link.write.1.tlog
C:\PWP2\OpenGL\build\Examples\Point\PointServer3.dir\Debug\PointServer3.write.1.tlog
C:\PWP2\OpenGL\build\Examples\Point\PointServer3.dir\Debug\vc110.pdb
C:\PWP2\OpenGL\build\bin\Debug\PointServer3.pdb
C:\PWP2\OpenGL\build\bin\Debug\PointServer3.exe
C:\PWP2\OpenGL\build\bin\Debug\PointServer3.ilk
