C:\PWP2\OPENGL\BUILD\SOURCE\IGTLUTIL\IGTLUTIL.DIR\DEBUG\VC110.PDB
C:\PWP2\OPENGL\BUILD\SOURCE\IGTLUTIL\CMAKEFILES\GENERATE.STAMP
C:\PWP2\OPENGL\BUILD\BIN\DEBUG\IGTLUTIL.LIB
C:\PWP2\OpenGL\build\Source\igtlutil\igtlutil.dir\Debug\igtl_bind.obj
C:\PWP2\OpenGL\build\Source\igtlutil\igtlutil.dir\Debug\igtl_capability.obj
C:\PWP2\OpenGL\build\Source\igtlutil\igtlutil.dir\Debug\igtl_colortable.obj
C:\PWP2\OpenGL\build\Source\igtlutil\igtlutil.dir\Debug\igtl_command.obj
C:\PWP2\OpenGL\build\Source\igtlutil\igtlutil.dir\Debug\igtl_header.obj
C:\PWP2\OpenGL\build\Source\igtlutil\igtlutil.dir\Debug\igtl_image.obj
C:\PWP2\OpenGL\build\Source\igtlutil\igtlutil.dir\Debug\igtl_imgmeta.obj
C:\PWP2\OpenGL\build\Source\igtlutil\igtlutil.dir\Debug\igtl_lbmeta.obj
C:\PWP2\OpenGL\build\Source\igtlutil\igtlutil.dir\Debug\igtl_ndarray.obj
C:\PWP2\OpenGL\build\Source\igtlutil\igtlutil.dir\Debug\igtl_point.obj
C:\PWP2\OpenGL\build\Source\igtlutil\igtlutil.dir\Debug\igtl_polydata.obj
C:\PWP2\OpenGL\build\Source\igtlutil\igtlutil.dir\Debug\igtl_position.obj
C:\PWP2\OpenGL\build\Source\igtlutil\igtlutil.dir\Debug\igtl_qtdata.obj
C:\PWP2\OpenGL\build\Source\igtlutil\igtlutil.dir\Debug\igtl_qtrans.obj
C:\PWP2\OpenGL\build\Source\igtlutil\igtlutil.dir\Debug\igtl_sensor.obj
C:\PWP2\OpenGL\build\Source\igtlutil\igtlutil.dir\Debug\igtl_string.obj
C:\PWP2\OpenGL\build\Source\igtlutil\igtlutil.dir\Debug\igtl_tdata.obj
C:\PWP2\OpenGL\build\Source\igtlutil\igtlutil.dir\Debug\igtl_trajectory.obj
C:\PWP2\OpenGL\build\Source\igtlutil\igtlutil.dir\Debug\igtl_transform.obj
C:\PWP2\OpenGL\build\Source\igtlutil\igtlutil.dir\Debug\igtl_unit.obj
C:\PWP2\OpenGL\build\Source\igtlutil\igtlutil.dir\Debug\igtl_util.obj
C:\PWP2\OpenGL\build\Source\igtlutil\igtlutil.dir\Debug\CL.2620.read.1.tlog
C:\PWP2\OpenGL\build\Source\igtlutil\igtlutil.dir\Debug\CL.2620.write.1.tlog
C:\PWP2\OpenGL\build\Source\igtlutil\igtlutil.dir\Debug\CL.3728.read.1.tlog
C:\PWP2\OpenGL\build\Source\igtlutil\igtlutil.dir\Debug\CL.3728.write.1.tlog
C:\PWP2\OpenGL\build\Source\igtlutil\igtlutil.dir\Debug\CL.3936.read.1.tlog
C:\PWP2\OpenGL\build\Source\igtlutil\igtlutil.dir\Debug\CL.3936.write.1.tlog
C:\PWP2\OpenGL\build\Source\igtlutil\igtlutil.dir\Debug\CL.5292.read.1.tlog
C:\PWP2\OpenGL\build\Source\igtlutil\igtlutil.dir\Debug\CL.5292.write.1.tlog
C:\PWP2\OpenGL\build\Source\igtlutil\igtlutil.dir\Debug\cl.command.1.tlog
C:\PWP2\OpenGL\build\Source\igtlutil\igtlutil.dir\Debug\CL.read.1.tlog
C:\PWP2\OpenGL\build\Source\igtlutil\igtlutil.dir\Debug\cl.write.1.tlog
C:\PWP2\OpenGL\build\Source\igtlutil\igtlutil.dir\Debug\custombuild.command.1.tlog
C:\PWP2\OpenGL\build\Source\igtlutil\igtlutil.dir\Debug\custombuild.read.1.tlog
C:\PWP2\OpenGL\build\Source\igtlutil\igtlutil.dir\Debug\custombuild.write.1.tlog
C:\PWP2\OpenGL\build\Source\igtlutil\igtlutil.dir\Debug\Lib-link.read.1.tlog
C:\PWP2\OpenGL\build\Source\igtlutil\igtlutil.dir\Debug\Lib-link.write.1.tlog
C:\PWP2\OpenGL\build\Source\igtlutil\igtlutil.dir\Debug\lib.command.1.tlog
C:\PWP2\OpenGL\build\Source\igtlutil\igtlutil.dir\Debug\vc110.pdb
C:\PWP2\OpenGL\build\bin\Debug\igtlutil.lib
