C:\PWP2\OPENGL\BUILD\EXAMPLES\IMAGEMETA\IMAGEMETACLIENT.DIR\DEBUG\IMAGEMETACLIENT.OBJ
C:\PWP2\OPENGL\BUILD\EXAMPLES\IMAGEMETA\IMAGEMETACLIENT.DIR\DEBUG\VC110.PDB
C:\PWP2\OPENGL\BUILD\EXAMPLES\IMAGEMETA\CMAKEFILES\GENERATE.STAMP
C:\PWP2\OpenGL\build\bin\Debug\ImageMetaClient.lib
C:\PWP2\OpenGL\build\bin\Debug\ImageMetaClient.exp
C:\PWP2\OPENGL\BUILD\BIN\DEBUG\IMAGEMETACLIENT.ILK
C:\PWP2\OPENGL\BUILD\BIN\DEBUG\IMAGEMETACLIENT.EXE
C:\PWP2\OPENGL\BUILD\BIN\DEBUG\IMAGEMETACLIENT.PDB
C:\PWP2\OpenGL\build\Examples\ImageMeta\ImageMetaClient.dir\Debug\ImageMetaClient.vcxprojResolveAssemblyReference.cache
C:\PWP2\OpenGL\build\Examples\ImageMeta\ImageMetaClient.dir\Debug\ImageMetaClient.obj
C:\PWP2\OpenGL\build\Examples\ImageMeta\ImageMetaClient.dir\Debug\cl.command.1.tlog
C:\PWP2\OpenGL\build\Examples\ImageMeta\ImageMetaClient.dir\Debug\CL.read.1.tlog
C:\PWP2\OpenGL\build\Examples\ImageMeta\ImageMetaClient.dir\Debug\CL.write.1.tlog
C:\PWP2\OpenGL\build\Examples\ImageMeta\ImageMetaClient.dir\Debug\custombuild.command.1.tlog
C:\PWP2\OpenGL\build\Examples\ImageMeta\ImageMetaClient.dir\Debug\custombuild.read.1.tlog
C:\PWP2\OpenGL\build\Examples\ImageMeta\ImageMetaClient.dir\Debug\custombuild.write.1.tlog
C:\PWP2\OpenGL\build\Examples\ImageMeta\ImageMetaClient.dir\Debug\ImageMetaClient.write.1.tlog
C:\PWP2\OpenGL\build\Examples\ImageMeta\ImageMetaClient.dir\Debug\link-cvtres.read.1.tlog
C:\PWP2\OpenGL\build\Examples\ImageMeta\ImageMetaClient.dir\Debug\link-cvtres.write.1.tlog
C:\PWP2\OpenGL\build\Examples\ImageMeta\ImageMetaClient.dir\Debug\link-rc.read.1.tlog
C:\PWP2\OpenGL\build\Examples\ImageMeta\ImageMetaClient.dir\Debug\link-rc.write.1.tlog
C:\PWP2\OpenGL\build\Examples\ImageMeta\ImageMetaClient.dir\Debug\link.command.1.tlog
C:\PWP2\OpenGL\build\Examples\ImageMeta\ImageMetaClient.dir\Debug\link.read.1.tlog
C:\PWP2\OpenGL\build\Examples\ImageMeta\ImageMetaClient.dir\Debug\link.write.1.tlog
C:\PWP2\OpenGL\build\Examples\ImageMeta\ImageMetaClient.dir\Debug\vc110.pdb
C:\PWP2\OpenGL\build\bin\Debug\ImageMetaClient.pdb
C:\PWP2\OpenGL\build\bin\Debug\ImageMetaClient.exe
C:\PWP2\OpenGL\build\bin\Debug\ImageMetaClient.ilk
