C:\PWP2\OPENGL\BUILD\EXAMPLES\STATUS\STATUSCLIENT.DIR\DEBUG\STATUSCLIENT.OBJ
C:\PWP2\OPENGL\BUILD\EXAMPLES\STATUS\STATUSCLIENT.DIR\DEBUG\VC110.PDB
C:\PWP2\OPENGL\BUILD\EXAMPLES\STATUS\CMAKEFILES\GENERATE.STAMP
C:\PWP2\OPENGL\BUILD\BIN\DEBUG\STATUSCLIENT.ILK
C:\PWP2\OPENGL\BUILD\BIN\DEBUG\STATUSCLIENT.EXE
C:\PWP2\OPENGL\BUILD\BIN\DEBUG\STATUSCLIENT.PDB
C:\PWP2\OpenGL\build\bin\Debug\StatusClient.lib
C:\PWP2\OpenGL\build\bin\Debug\StatusClient.exp
C:\PWP2\OpenGL\build\Examples\Status\StatusClient.dir\Debug\StatusClient.vcxprojResolveAssemblyReference.cache
C:\PWP2\OpenGL\build\Examples\Status\StatusClient.dir\Debug\StatusClient.obj
C:\PWP2\OpenGL\build\Examples\Status\StatusClient.dir\Debug\cl.command.1.tlog
C:\PWP2\OpenGL\build\Examples\Status\StatusClient.dir\Debug\CL.read.1.tlog
C:\PWP2\OpenGL\build\Examples\Status\StatusClient.dir\Debug\CL.write.1.tlog
C:\PWP2\OpenGL\build\Examples\Status\StatusClient.dir\Debug\custombuild.command.1.tlog
C:\PWP2\OpenGL\build\Examples\Status\StatusClient.dir\Debug\custombuild.read.1.tlog
C:\PWP2\OpenGL\build\Examples\Status\StatusClient.dir\Debug\custombuild.write.1.tlog
C:\PWP2\OpenGL\build\Examples\Status\StatusClient.dir\Debug\link-cvtres.read.1.tlog
C:\PWP2\OpenGL\build\Examples\Status\StatusClient.dir\Debug\link-cvtres.write.1.tlog
C:\PWP2\OpenGL\build\Examples\Status\StatusClient.dir\Debug\link-rc.read.1.tlog
C:\PWP2\OpenGL\build\Examples\Status\StatusClient.dir\Debug\link-rc.write.1.tlog
C:\PWP2\OpenGL\build\Examples\Status\StatusClient.dir\Debug\link.command.1.tlog
C:\PWP2\OpenGL\build\Examples\Status\StatusClient.dir\Debug\link.read.1.tlog
C:\PWP2\OpenGL\build\Examples\Status\StatusClient.dir\Debug\link.write.1.tlog
C:\PWP2\OpenGL\build\Examples\Status\StatusClient.dir\Debug\StatusClient.write.1.tlog
C:\PWP2\OpenGL\build\Examples\Status\StatusClient.dir\Debug\vc110.pdb
C:\PWP2\OpenGL\build\bin\Debug\StatusClient.pdb
C:\PWP2\OpenGL\build\bin\Debug\StatusClient.exe
C:\PWP2\OpenGL\build\bin\Debug\StatusClient.ilk
