C:\PWP2\OPENGL\BUILD\EXAMPLES\TRACKER\TRACKERCLIENT3.DIR\DEBUG\TRACKERCLIENT3.OBJ
C:\PWP2\OPENGL\BUILD\EXAMPLES\TRACKER\TRACKERCLIENT3.DIR\DEBUG\VC110.PDB
C:\PWP2\OPENGL\BUILD\EXAMPLES\TRACKER\CMAKEFILES\GENERATE.STAMP
C:\PWP2\OPENGL\BUILD\BIN\DEBUG\TRACKERCLIENT3.ILK
C:\PWP2\OPENGL\BUILD\BIN\DEBUG\TRACKERCLIENT3.EXE
C:\PWP2\OPENGL\BUILD\BIN\DEBUG\TRACKERCLIENT3.PDB
C:\PWP2\OpenGL\build\bin\Debug\TrackerClient3.lib
C:\PWP2\OpenGL\build\bin\Debug\TrackerClient3.exp
C:\PWP2\OpenGL\build\Examples\Tracker\TrackerClient3.dir\Debug\TrackerClient3.vcxprojResolveAssemblyReference.cache
C:\PWP2\OpenGL\build\Examples\Tracker\TrackerClient3.dir\Debug\TrackerClient3.obj
C:\PWP2\OpenGL\build\Examples\Tracker\TrackerClient3.dir\Debug\cl.command.1.tlog
C:\PWP2\OpenGL\build\Examples\Tracker\TrackerClient3.dir\Debug\CL.read.1.tlog
C:\PWP2\OpenGL\build\Examples\Tracker\TrackerClient3.dir\Debug\CL.write.1.tlog
C:\PWP2\OpenGL\build\Examples\Tracker\TrackerClient3.dir\Debug\custombuild.command.1.tlog
C:\PWP2\OpenGL\build\Examples\Tracker\TrackerClient3.dir\Debug\custombuild.read.1.tlog
C:\PWP2\OpenGL\build\Examples\Tracker\TrackerClient3.dir\Debug\custombuild.write.1.tlog
C:\PWP2\OpenGL\build\Examples\Tracker\TrackerClient3.dir\Debug\link-cvtres.read.1.tlog
C:\PWP2\OpenGL\build\Examples\Tracker\TrackerClient3.dir\Debug\link-cvtres.write.1.tlog
C:\PWP2\OpenGL\build\Examples\Tracker\TrackerClient3.dir\Debug\link-rc.read.1.tlog
C:\PWP2\OpenGL\build\Examples\Tracker\TrackerClient3.dir\Debug\link-rc.write.1.tlog
C:\PWP2\OpenGL\build\Examples\Tracker\TrackerClient3.dir\Debug\link.command.1.tlog
C:\PWP2\OpenGL\build\Examples\Tracker\TrackerClient3.dir\Debug\link.read.1.tlog
C:\PWP2\OpenGL\build\Examples\Tracker\TrackerClient3.dir\Debug\link.write.1.tlog
C:\PWP2\OpenGL\build\Examples\Tracker\TrackerClient3.dir\Debug\TrackerClient3.write.1.tlog
C:\PWP2\OpenGL\build\Examples\Tracker\TrackerClient3.dir\Debug\vc110.pdb
C:\PWP2\OpenGL\build\bin\Debug\TrackerClient3.pdb
C:\PWP2\OpenGL\build\bin\Debug\TrackerClient3.exe
C:\PWP2\OpenGL\build\bin\Debug\TrackerClient3.ilk
