C:\PWP2\OPENGL\BUILD\EXAMPLES\LAB_PWP\NOWYSERWER.DIR\DEBUG\NOWYSERWER.OBJ
C:\PWP2\OPENGL\BUILD\EXAMPLES\LAB_PWP\NOWYSERWER.DIR\DEBUG\VC110.PDB
C:\PWP2\OPENGL\BUILD\EXAMPLES\LAB_PWP\CMAKEFILES\GENERATE.STAMP
C:\PWP2\OPENGL\BUILD\BIN\DEBUG\NOWYSERWER.ILK
C:\PWP2\OPENGL\BUILD\BIN\DEBUG\NOWYSERWER.EXE
C:\PWP2\OPENGL\BUILD\BIN\DEBUG\NOWYSERWER.PDB
C:\PWP2\OpenGL\build\bin\Debug\NowySerwer.lib
C:\PWP2\OpenGL\build\bin\Debug\NowySerwer.exp
C:\PWP2\OpenGL\build\Examples\Lab_PWP\NowySerwer.dir\Debug\NowySerwer.obj
C:\PWP2\OpenGL\build\Examples\Lab_PWP\NowySerwer.dir\Debug\cl.command.1.tlog
C:\PWP2\OpenGL\build\Examples\Lab_PWP\NowySerwer.dir\Debug\CL.read.1.tlog
C:\PWP2\OpenGL\build\Examples\Lab_PWP\NowySerwer.dir\Debug\CL.write.1.tlog
C:\PWP2\OpenGL\build\Examples\Lab_PWP\NowySerwer.dir\Debug\custombuild.command.1.tlog
C:\PWP2\OpenGL\build\Examples\Lab_PWP\NowySerwer.dir\Debug\custombuild.read.1.tlog
C:\PWP2\OpenGL\build\Examples\Lab_PWP\NowySerwer.dir\Debug\custombuild.write.1.tlog
C:\PWP2\OpenGL\build\Examples\Lab_PWP\NowySerwer.dir\Debug\link-cvtres.read.1.tlog
C:\PWP2\OpenGL\build\Examples\Lab_PWP\NowySerwer.dir\Debug\link-cvtres.write.1.tlog
C:\PWP2\OpenGL\build\Examples\Lab_PWP\NowySerwer.dir\Debug\link-rc.read.1.tlog
C:\PWP2\OpenGL\build\Examples\Lab_PWP\NowySerwer.dir\Debug\link-rc.write.1.tlog
C:\PWP2\OpenGL\build\Examples\Lab_PWP\NowySerwer.dir\Debug\link.command.1.tlog
C:\PWP2\OpenGL\build\Examples\Lab_PWP\NowySerwer.dir\Debug\link.read.1.tlog
C:\PWP2\OpenGL\build\Examples\Lab_PWP\NowySerwer.dir\Debug\link.write.1.tlog
C:\PWP2\OpenGL\build\Examples\Lab_PWP\NowySerwer.dir\Debug\NowySerwer.write.1.tlog
C:\PWP2\OpenGL\build\Examples\Lab_PWP\NowySerwer.dir\Debug\vc110.pdb
C:\PWP2\OpenGL\build\bin\Debug\NowySerwer.pdb
C:\PWP2\OpenGL\build\bin\Debug\NowySerwer.exe
C:\PWP2\OpenGL\build\bin\Debug\NowySerwer.ilk
