C:\PWP2\OPENGL\BUILD\EXAMPLES\IMAGER\IMAGERSERVER3.DIR\DEBUG\IMAGERSERVER3.OBJ
C:\PWP2\OPENGL\BUILD\EXAMPLES\IMAGER\IMAGERSERVER3.DIR\DEBUG\VC110.PDB
C:\PWP2\OPENGL\BUILD\EXAMPLES\IMAGER\CMAKEFILES\GENERATE.STAMP
C:\PWP2\OpenGL\build\bin\Debug\ImagerServer3.lib
C:\PWP2\OpenGL\build\bin\Debug\ImagerServer3.exp
C:\PWP2\OPENGL\BUILD\BIN\DEBUG\IMAGERSERVER3.ILK
C:\PWP2\OPENGL\BUILD\BIN\DEBUG\IMAGERSERVER3.EXE
C:\PWP2\OPENGL\BUILD\BIN\DEBUG\IMAGERSERVER3.PDB
C:\PWP2\OpenGL\build\Examples\Imager\ImagerServer3.dir\Debug\ImagerServer3.vcxprojResolveAssemblyReference.cache
C:\PWP2\OpenGL\build\Examples\Imager\ImagerServer3.dir\Debug\ImagerServer3.obj
C:\PWP2\OpenGL\build\Examples\Imager\ImagerServer3.dir\Debug\cl.command.1.tlog
C:\PWP2\OpenGL\build\Examples\Imager\ImagerServer3.dir\Debug\CL.read.1.tlog
C:\PWP2\OpenGL\build\Examples\Imager\ImagerServer3.dir\Debug\CL.write.1.tlog
C:\PWP2\OpenGL\build\Examples\Imager\ImagerServer3.dir\Debug\custombuild.command.1.tlog
C:\PWP2\OpenGL\build\Examples\Imager\ImagerServer3.dir\Debug\custombuild.read.1.tlog
C:\PWP2\OpenGL\build\Examples\Imager\ImagerServer3.dir\Debug\custombuild.write.1.tlog
C:\PWP2\OpenGL\build\Examples\Imager\ImagerServer3.dir\Debug\ImagerServer3.write.1.tlog
C:\PWP2\OpenGL\build\Examples\Imager\ImagerServer3.dir\Debug\link-cvtres.read.1.tlog
C:\PWP2\OpenGL\build\Examples\Imager\ImagerServer3.dir\Debug\link-cvtres.write.1.tlog
C:\PWP2\OpenGL\build\Examples\Imager\ImagerServer3.dir\Debug\link-rc.read.1.tlog
C:\PWP2\OpenGL\build\Examples\Imager\ImagerServer3.dir\Debug\link-rc.write.1.tlog
C:\PWP2\OpenGL\build\Examples\Imager\ImagerServer3.dir\Debug\link.command.1.tlog
C:\PWP2\OpenGL\build\Examples\Imager\ImagerServer3.dir\Debug\link.read.1.tlog
C:\PWP2\OpenGL\build\Examples\Imager\ImagerServer3.dir\Debug\link.write.1.tlog
C:\PWP2\OpenGL\build\Examples\Imager\ImagerServer3.dir\Debug\vc110.pdb
C:\PWP2\OpenGL\build\bin\Debug\ImagerServer3.pdb
C:\PWP2\OpenGL\build\bin\Debug\ImagerServer3.exe
C:\PWP2\OpenGL\build\bin\Debug\ImagerServer3.ilk
