C:\PWP2\OPENGL\BUILD\EXAMPLES\POINT\POINTCLIENT.DIR\DEBUG\POINTCLIENT.OBJ
C:\PWP2\OPENGL\BUILD\EXAMPLES\POINT\POINTCLIENT.DIR\DEBUG\VC110.PDB
C:\PWP2\OPENGL\BUILD\EXAMPLES\POINT\CMAKEFILES\GENERATE.STAMP
C:\PWP2\OPENGL\BUILD\BIN\DEBUG\POINTCLIENT.ILK
C:\PWP2\OPENGL\BUILD\BIN\DEBUG\POINTCLIENT.EXE
C:\PWP2\OPENGL\BUILD\BIN\DEBUG\POINTCLIENT.PDB
C:\PWP2\OpenGL\build\bin\Debug\PointClient.lib
C:\PWP2\OpenGL\build\bin\Debug\PointClient.exp
C:\PWP2\OpenGL\build\Examples\Point\PointClient.dir\Debug\PointClient.vcxprojResolveAssemblyReference.cache
C:\PWP2\OpenGL\build\Examples\Point\PointClient.dir\Debug\PointClient.obj
C:\PWP2\OpenGL\build\Examples\Point\PointClient.dir\Debug\cl.command.1.tlog
C:\PWP2\OpenGL\build\Examples\Point\PointClient.dir\Debug\CL.read.1.tlog
C:\PWP2\OpenGL\build\Examples\Point\PointClient.dir\Debug\CL.write.1.tlog
C:\PWP2\OpenGL\build\Examples\Point\PointClient.dir\Debug\custombuild.command.1.tlog
C:\PWP2\OpenGL\build\Examples\Point\PointClient.dir\Debug\custombuild.read.1.tlog
C:\PWP2\OpenGL\build\Examples\Point\PointClient.dir\Debug\custombuild.write.1.tlog
C:\PWP2\OpenGL\build\Examples\Point\PointClient.dir\Debug\link-cvtres.read.1.tlog
C:\PWP2\OpenGL\build\Examples\Point\PointClient.dir\Debug\link-cvtres.write.1.tlog
C:\PWP2\OpenGL\build\Examples\Point\PointClient.dir\Debug\link-rc.read.1.tlog
C:\PWP2\OpenGL\build\Examples\Point\PointClient.dir\Debug\link-rc.write.1.tlog
C:\PWP2\OpenGL\build\Examples\Point\PointClient.dir\Debug\link.command.1.tlog
C:\PWP2\OpenGL\build\Examples\Point\PointClient.dir\Debug\link.read.1.tlog
C:\PWP2\OpenGL\build\Examples\Point\PointClient.dir\Debug\link.write.1.tlog
C:\PWP2\OpenGL\build\Examples\Point\PointClient.dir\Debug\PointClient.write.1.tlog
C:\PWP2\OpenGL\build\Examples\Point\PointClient.dir\Debug\vc110.pdb
C:\PWP2\OpenGL\build\bin\Debug\PointClient.pdb
C:\PWP2\OpenGL\build\bin\Debug\PointClient.exe
C:\PWP2\OpenGL\build\bin\Debug\PointClient.ilk
