C:\PWP2\OpenGL\build\bin\Debug\CapabilityServer.lib
C:\PWP2\OpenGL\build\bin\Debug\CapabilityServer.exp
C:\PWP2\OPENGL\BUILD\EXAMPLES\CAPABILITY\CAPABILITYSERVER.DIR\DEBUG\CAPABILITYSERVER.OBJ
C:\PWP2\OPENGL\BUILD\EXAMPLES\CAPABILITY\CAPABILITYSERVER.DIR\DEBUG\VC110.PDB
C:\PWP2\OPENGL\BUILD\EXAMPLES\CAPABILITY\CMAKEFILES\GENERATE.STAMP
C:\PWP2\OPENGL\BUILD\BIN\DEBUG\CAPABILITYSERVER.ILK
C:\PWP2\OPENGL\BUILD\BIN\DEBUG\CAPABILITYSERVER.EXE
C:\PWP2\OPENGL\BUILD\BIN\DEBUG\CAPABILITYSERVER.PDB
C:\PWP2\OpenGL\build\Examples\Capability\CapabilityServer.dir\Debug\CapabilityServer.vcxprojResolveAssemblyReference.cache
C:\PWP2\OpenGL\build\Examples\Capability\CapabilityServer.dir\Debug\CapabilityServer.obj
C:\PWP2\OpenGL\build\Examples\Capability\CapabilityServer.dir\Debug\CapabilityServer.write.1.tlog
C:\PWP2\OpenGL\build\Examples\Capability\CapabilityServer.dir\Debug\cl.command.1.tlog
C:\PWP2\OpenGL\build\Examples\Capability\CapabilityServer.dir\Debug\CL.read.1.tlog
C:\PWP2\OpenGL\build\Examples\Capability\CapabilityServer.dir\Debug\CL.write.1.tlog
C:\PWP2\OpenGL\build\Examples\Capability\CapabilityServer.dir\Debug\custombuild.command.1.tlog
C:\PWP2\OpenGL\build\Examples\Capability\CapabilityServer.dir\Debug\custombuild.read.1.tlog
C:\PWP2\OpenGL\build\Examples\Capability\CapabilityServer.dir\Debug\custombuild.write.1.tlog
C:\PWP2\OpenGL\build\Examples\Capability\CapabilityServer.dir\Debug\link-cvtres.read.1.tlog
C:\PWP2\OpenGL\build\Examples\Capability\CapabilityServer.dir\Debug\link-cvtres.write.1.tlog
C:\PWP2\OpenGL\build\Examples\Capability\CapabilityServer.dir\Debug\link-rc.read.1.tlog
C:\PWP2\OpenGL\build\Examples\Capability\CapabilityServer.dir\Debug\link-rc.write.1.tlog
C:\PWP2\OpenGL\build\Examples\Capability\CapabilityServer.dir\Debug\link.command.1.tlog
C:\PWP2\OpenGL\build\Examples\Capability\CapabilityServer.dir\Debug\link.read.1.tlog
C:\PWP2\OpenGL\build\Examples\Capability\CapabilityServer.dir\Debug\link.write.1.tlog
C:\PWP2\OpenGL\build\Examples\Capability\CapabilityServer.dir\Debug\vc110.pdb
C:\PWP2\OpenGL\build\bin\Debug\CapabilityServer.pdb
C:\PWP2\OpenGL\build\bin\Debug\CapabilityServer.exe
C:\PWP2\OpenGL\build\bin\Debug\CapabilityServer.ilk
