C:\PWP2\OPENGL\BUILD\CMAKEFILES\GENERATE.STAMP
C:\PWP2\OPENGL\BUILD\SOURCE\CMAKEFILES\GENERATE.STAMP
C:\PWP2\OPENGL\BUILD\SOURCE\IGTLUTIL\CMAKEFILES\GENERATE.STAMP
C:\PWP2\OPENGL\BUILD\TOOLS\CMAKEFILES\GENERATE.STAMP
C:\PWP2\OPENGL\BUILD\EXAMPLES\CMAKEFILES\GENERATE.STAMP
C:\PWP2\OPENGL\BUILD\EXAMPLES\TRACKER\CMAKEFILES\GENERATE.STAMP
C:\PWP2\OPENGL\BUILD\EXAMPLES\IMAGER\CMAKEFILES\GENERATE.STAMP
C:\PWP2\OPENGL\BUILD\EXAMPLES\STATUS\CMAKEFILES\GENERATE.STAMP
C:\PWP2\OPENGL\BUILD\EXAMPLES\RECEIVER\CMAKEFILES\GENERATE.STAMP
C:\PWP2\OPENGL\BUILD\EXAMPLES\THREAD\CMAKEFILES\GENERATE.STAMP
C:\PWP2\OPENGL\BUILD\EXAMPLES\IMAGEMETA\CMAKEFILES\GENERATE.STAMP
C:\PWP2\OPENGL\BUILD\EXAMPLES\POINT\CMAKEFILES\GENERATE.STAMP
C:\PWP2\OPENGL\BUILD\EXAMPLES\TRACKINGDATA\CMAKEFILES\GENERATE.STAMP
C:\PWP2\OPENGL\BUILD\EXAMPLES\QUATERNIONTRACKINGDATA\CMAKEFILES\GENERATE.STAMP
C:\PWP2\OPENGL\BUILD\EXAMPLES\IMAGEDATABASESERVER\CMAKEFILES\GENERATE.STAMP
C:\PWP2\OPENGL\BUILD\EXAMPLES\STRING\CMAKEFILES\GENERATE.STAMP
C:\PWP2\OPENGL\BUILD\EXAMPLES\BIND\CMAKEFILES\GENERATE.STAMP
C:\PWP2\OPENGL\BUILD\EXAMPLES\POLYDATA\CMAKEFILES\GENERATE.STAMP
C:\PWP2\OPENGL\BUILD\EXAMPLES\CAPABILITY\CMAKEFILES\GENERATE.STAMP
C:\PWP2\OPENGL\BUILD\EXAMPLES\TRAJECTORY\CMAKEFILES\GENERATE.STAMP
C:\PWP2\OPENGL\BUILD\EXAMPLES\SESSIONMANAGER\CMAKEFILES\GENERATE.STAMP
C:\PWP2\OPENGL\BUILD\EXAMPLES\LAB_PWP\CMAKEFILES\GENERATE.STAMP
C:\PWP2\OPENGL\BUILD\TESTING\CMAKEFILES\GENERATE.STAMP
C:\PWP2\OPENGL\BUILD\TESTING\IGTLUTIL\CMAKEFILES\GENERATE.STAMP
C:\PWP2\OPENGL\BUILD\TESTING\GMOCK-BUILD\CMAKEFILES\GENERATE.STAMP
C:\PWP2\OPENGL\BUILD\TESTING\GMOCK-BUILD\GTEST\CMAKEFILES\GENERATE.STAMP
C:\PWP2\OpenGL\build\Win32\Debug\ZERO_CHECK\custombuild.command.1.tlog
C:\PWP2\OpenGL\build\Win32\Debug\ZERO_CHECK\custombuild.read.1.tlog
C:\PWP2\OpenGL\build\Win32\Debug\ZERO_CHECK\custombuild.write.1.tlog
