C:\PWP2\OPENGL\BUILD\EXAMPLES\SESSIONMANAGER\SESSIONMANAGERSERVER.DIR\DEBUG\SESSIONMANAGERSERVER.OBJ
C:\PWP2\OPENGL\BUILD\EXAMPLES\SESSIONMANAGER\SESSIONMANAGERSERVER.DIR\DEBUG\VC110.PDB
C:\PWP2\OPENGL\BUILD\EXAMPLES\SESSIONMANAGER\CMAKEFILES\GENERATE.STAMP
C:\PWP2\OPENGL\BUILD\BIN\DEBUG\SESSIONMANAGERSERVER.ILK
C:\PWP2\OPENGL\BUILD\BIN\DEBUG\SESSIONMANAGERSERVER.EXE
C:\PWP2\OPENGL\BUILD\BIN\DEBUG\SESSIONMANAGERSERVER.PDB
C:\PWP2\OpenGL\build\bin\Debug\SessionManagerServer.lib
C:\PWP2\OpenGL\build\bin\Debug\SessionManagerServer.exp
C:\PWP2\OpenGL\build\Examples\SessionManager\SessionManagerServer.dir\Debug\SessionManagerServer.vcxprojResolveAssemblyReference.cache
C:\PWP2\OpenGL\build\Examples\SessionManager\SessionManagerServer.dir\Debug\SessionManagerServer.obj
C:\PWP2\OpenGL\build\Examples\SessionManager\SessionManagerServer.dir\Debug\cl.command.1.tlog
C:\PWP2\OpenGL\build\Examples\SessionManager\SessionManagerServer.dir\Debug\CL.read.1.tlog
C:\PWP2\OpenGL\build\Examples\SessionManager\SessionManagerServer.dir\Debug\CL.write.1.tlog
C:\PWP2\OpenGL\build\Examples\SessionManager\SessionManagerServer.dir\Debug\custombuild.command.1.tlog
C:\PWP2\OpenGL\build\Examples\SessionManager\SessionManagerServer.dir\Debug\custombuild.read.1.tlog
C:\PWP2\OpenGL\build\Examples\SessionManager\SessionManagerServer.dir\Debug\custombuild.write.1.tlog
C:\PWP2\OpenGL\build\Examples\SessionManager\SessionManagerServer.dir\Debug\link-cvtres.read.1.tlog
C:\PWP2\OpenGL\build\Examples\SessionManager\SessionManagerServer.dir\Debug\link-cvtres.write.1.tlog
C:\PWP2\OpenGL\build\Examples\SessionManager\SessionManagerServer.dir\Debug\link-rc.read.1.tlog
C:\PWP2\OpenGL\build\Examples\SessionManager\SessionManagerServer.dir\Debug\link-rc.write.1.tlog
C:\PWP2\OpenGL\build\Examples\SessionManager\SessionManagerServer.dir\Debug\link.command.1.tlog
C:\PWP2\OpenGL\build\Examples\SessionManager\SessionManagerServer.dir\Debug\link.read.1.tlog
C:\PWP2\OpenGL\build\Examples\SessionManager\SessionManagerServer.dir\Debug\link.write.1.tlog
C:\PWP2\OpenGL\build\Examples\SessionManager\SessionManagerServer.dir\Debug\SessionManagerServer.write.1.tlog
C:\PWP2\OpenGL\build\Examples\SessionManager\SessionManagerServer.dir\Debug\vc110.pdb
C:\PWP2\OpenGL\build\bin\Debug\SessionManagerServer.pdb
C:\PWP2\OpenGL\build\bin\Debug\SessionManagerServer.exe
C:\PWP2\OpenGL\build\bin\Debug\SessionManagerServer.ilk
