C:\PWP2\OPENGL\BUILD\EXAMPLES\RECEIVER\RECEIVECLIENT.DIR\DEBUG\RECEIVECLIENT.OBJ
C:\PWP2\OPENGL\BUILD\EXAMPLES\RECEIVER\RECEIVECLIENT.DIR\DEBUG\VC110.PDB
C:\PWP2\OPENGL\BUILD\EXAMPLES\RECEIVER\CMAKEFILES\GENERATE.STAMP
C:\PWP2\OPENGL\BUILD\BIN\DEBUG\RECEIVECLIENT.ILK
C:\PWP2\OPENGL\BUILD\BIN\DEBUG\RECEIVECLIENT.EXE
C:\PWP2\OPENGL\BUILD\BIN\DEBUG\RECEIVECLIENT.PDB
C:\PWP2\OpenGL\build\bin\Debug\ReceiveClient.lib
C:\PWP2\OpenGL\build\bin\Debug\ReceiveClient.exp
C:\PWP2\OpenGL\build\Examples\Receiver\ReceiveClient.dir\Debug\ReceiveClient.vcxprojResolveAssemblyReference.cache
C:\PWP2\OpenGL\build\Examples\Receiver\ReceiveClient.dir\Debug\ReceiveClient.obj
C:\PWP2\OpenGL\build\Examples\Receiver\ReceiveClient.dir\Debug\cl.command.1.tlog
C:\PWP2\OpenGL\build\Examples\Receiver\ReceiveClient.dir\Debug\CL.read.1.tlog
C:\PWP2\OpenGL\build\Examples\Receiver\ReceiveClient.dir\Debug\CL.write.1.tlog
C:\PWP2\OpenGL\build\Examples\Receiver\ReceiveClient.dir\Debug\custombuild.command.1.tlog
C:\PWP2\OpenGL\build\Examples\Receiver\ReceiveClient.dir\Debug\custombuild.read.1.tlog
C:\PWP2\OpenGL\build\Examples\Receiver\ReceiveClient.dir\Debug\custombuild.write.1.tlog
C:\PWP2\OpenGL\build\Examples\Receiver\ReceiveClient.dir\Debug\link-cvtres.read.1.tlog
C:\PWP2\OpenGL\build\Examples\Receiver\ReceiveClient.dir\Debug\link-cvtres.write.1.tlog
C:\PWP2\OpenGL\build\Examples\Receiver\ReceiveClient.dir\Debug\link-rc.read.1.tlog
C:\PWP2\OpenGL\build\Examples\Receiver\ReceiveClient.dir\Debug\link-rc.write.1.tlog
C:\PWP2\OpenGL\build\Examples\Receiver\ReceiveClient.dir\Debug\link.command.1.tlog
C:\PWP2\OpenGL\build\Examples\Receiver\ReceiveClient.dir\Debug\link.read.1.tlog
C:\PWP2\OpenGL\build\Examples\Receiver\ReceiveClient.dir\Debug\link.write.1.tlog
C:\PWP2\OpenGL\build\Examples\Receiver\ReceiveClient.dir\Debug\ReceiveClient.write.1.tlog
C:\PWP2\OpenGL\build\Examples\Receiver\ReceiveClient.dir\Debug\vc110.pdb
C:\PWP2\OpenGL\build\bin\Debug\ReceiveClient.pdb
C:\PWP2\OpenGL\build\bin\Debug\ReceiveClient.exe
C:\PWP2\OpenGL\build\bin\Debug\ReceiveClient.ilk
